<?xml version="1.0" encoding="UTF-8"?>
<coverage generated="1755388733634" clover="3.2.0">
  <project timestamp="1755388733634" name="All files">
    <metrics statements="165" coveredstatements="165" conditionals="56" coveredconditionals="55" methods="26" coveredmethods="26" elements="247" coveredelements="246" complexity="0" loc="165" ncloc="165" packages="4" files="7" classes="7"/>
    <package name="src">
      <metrics statements="2" coveredstatements="2" conditionals="0" coveredconditionals="0" methods="0" coveredmethods="0"/>
      <file name="index.ts" path="C:\Users\TSapo\Github\substate\src\index.ts">
        <metrics statements="2" coveredstatements="2" conditionals="0" coveredconditionals="0" methods="0" coveredmethods="0"/>
        <line num="2" count="1" type="stmt"/>
        <line num="6" count="1" type="stmt"/>
      </file>
    </package>
    <package name="src.core.PubSub">
      <metrics statements="33" coveredstatements="33" conditionals="13" coveredconditionals="13" methods="8" coveredmethods="8"/>
      <file name="PubSub.interface.ts" path="C:\Users\TSapo\Github\substate\src\core\PubSub\PubSub.interface.ts">
        <metrics statements="0" coveredstatements="0" conditionals="1" coveredconditionals="1" methods="1" coveredmethods="1"/>
      </file>
      <file name="PubSub.ts" path="C:\Users\TSapo\Github\substate\src\core\PubSub\PubSub.ts">
        <metrics statements="33" coveredstatements="33" conditionals="12" coveredconditionals="12" methods="7" coveredmethods="7"/>
        <line num="3" count="1" type="cond" truecount="1" falsecount="0"/>
        <line num="4" count="34" type="stmt"/>
        <line num="6" count="34" type="cond" truecount="1" falsecount="0"/>
        <line num="7" count="34" type="stmt"/>
        <line num="8" count="34" type="stmt"/>
        <line num="10" count="34" type="cond" truecount="1" falsecount="0"/>
        <line num="11" count="55" type="cond" truecount="1" falsecount="0"/>
        <line num="12" count="55" type="stmt"/>
        <line num="13" count="55" type="stmt"/>
        <line num="15" count="34" type="cond" truecount="1" falsecount="0"/>
        <line num="16" count="14" type="stmt"/>
        <line num="17" count="14" type="cond" truecount="1" falsecount="0"/>
        <line num="18" count="15" type="cond" truecount="1" falsecount="0"/>
        <line num="19" count="14" type="stmt"/>
        <line num="20" count="14" type="stmt"/>
        <line num="21" count="14" type="stmt"/>
        <line num="22" count="15" type="stmt"/>
        <line num="23" count="14" type="stmt"/>
        <line num="24" count="14" type="stmt"/>
        <line num="26" count="34" type="cond" truecount="1" falsecount="0"/>
        <line num="27" count="1" type="stmt"/>
        <line num="28" count="1" type="stmt"/>
        <line num="30" count="34" type="cond" truecount="1" falsecount="0"/>
        <line num="31" count="1" type="stmt"/>
        <line num="32" count="1" type="stmt"/>
        <line num="34" count="34" type="cond" truecount="1" falsecount="0"/>
        <line num="35" count="29" type="cond" truecount="1" falsecount="0"/>
        <line num="36" count="19" type="cond" truecount="1" falsecount="0"/>
        <line num="37" count="23" type="stmt"/>
        <line num="38" count="19" type="stmt"/>
        <line num="39" count="19" type="stmt"/>
        <line num="40" count="29" type="stmt"/>
        <line num="41" count="34" type="stmt"/>
      </file>
    </package>
    <package name="src.core.Substate">
      <metrics statements="119" coveredstatements="119" conditionals="38" coveredconditionals="37" methods="16" coveredmethods="16"/>
      <file name="Substate.interface.ts" path="C:\Users\TSapo\Github\substate\src\core\Substate\Substate.interface.ts">
        <metrics statements="0" coveredstatements="0" conditionals="1" coveredconditionals="1" methods="1" coveredmethods="1"/>
      </file>
      <file name="Substate.ts" path="C:\Users\TSapo\Github\substate\src\core\Substate\Substate.ts">
        <metrics statements="119" coveredstatements="119" conditionals="37" coveredconditionals="36" methods="15" coveredmethods="15"/>
        <line num="1" count="1" type="stmt"/>
        <line num="2" count="1" type="stmt"/>
        <line num="4" count="1" type="stmt"/>
        <line num="14" count="1" type="stmt"/>
        <line num="81" count="1" type="cond" truecount="1" falsecount="0"/>
        <line num="82" count="33" type="stmt"/>
        <line num="83" count="33" type="stmt"/>
        <line num="84" count="33" type="stmt"/>
        <line num="85" count="33" type="stmt"/>
        <line num="86" count="33" type="stmt"/>
        <line num="87" count="33" type="stmt"/>
        <line num="89" count="33" type="cond" truecount="1" falsecount="0"/>
        <line num="90" count="33" type="stmt"/>
        <line num="92" count="33" type="cond" truecount="1" falsecount="0"/>
        <line num="93" count="33" type="cond" truecount="1" falsecount="0"/>
        <line num="94" count="33" type="cond" truecount="1" falsecount="0"/>
        <line num="95" count="33" type="stmt"/>
        <line num="96" count="33" type="stmt"/>
        <line num="97" count="33" type="cond" truecount="1" falsecount="0"/>
        <line num="99" count="33" type="cond" truecount="1" falsecount="0"/>
        <line num="100" count="33" type="stmt"/>
        <line num="101" count="33" type="stmt"/>
        <line num="103" count="33" type="cond" truecount="1" falsecount="0"/>
        <line num="104" count="67" type="stmt"/>
        <line num="105" count="67" type="stmt"/>
        <line num="107" count="33" type="cond" truecount="1" falsecount="0"/>
        <line num="108" count="64" type="stmt"/>
        <line num="109" count="64" type="stmt"/>
        <line num="111" count="33" type="cond" truecount="1" falsecount="0"/>
        <line num="112" count="21" type="stmt"/>
        <line num="113" count="21" type="stmt"/>
        <line num="115" count="33" type="cond" truecount="1" falsecount="0"/>
        <line num="116" count="1" type="stmt"/>
        <line num="117" count="1" type="stmt"/>
        <line num="118" count="1" type="stmt"/>
        <line num="119" count="1" type="stmt"/>
        <line num="122" count="33" type="cond" truecount="1" falsecount="0"/>
        <line num="123" count="18" type="stmt"/>
        <line num="124" count="18" type="stmt"/>
        <line num="125" count="18" type="stmt"/>
        <line num="127" count="33" type="cond" truecount="1" falsecount="0"/>
        <line num="128" count="18" type="cond" truecount="2" falsecount="0"/>
        <line num="129" count="18" type="stmt"/>
        <line num="131" count="33" type="cond" truecount="1" falsecount="0"/>
        <line num="132" count="18" type="cond" truecount="1" falsecount="0"/>
        <line num="133" count="8" type="cond" truecount="1" falsecount="0"/>
        <line num="134" count="16" type="stmt"/>
        <line num="135" count="8" type="cond" truecount="1" falsecount="0"/>
        <line num="136" count="10" type="stmt"/>
        <line num="137" count="18" type="stmt"/>
        <line num="139" count="33" type="cond" truecount="1" falsecount="0"/>
        <line num="140" count="18" type="cond" truecount="1" falsecount="0"/>
        <line num="141" count="8" type="cond" truecount="1" falsecount="0"/>
        <line num="142" count="16" type="stmt"/>
        <line num="143" count="8" type="cond" truecount="1" falsecount="0"/>
        <line num="144" count="10" type="stmt"/>
        <line num="145" count="18" type="stmt"/>
        <line num="147" count="33" type="cond" truecount="1" falsecount="0"/>
        <line num="148" count="18" type="stmt"/>
        <line num="149" count="18" type="stmt"/>
        <line num="150" count="18" type="cond" truecount="0" falsecount="1"/>
        <line num="151" count="18" type="stmt"/>
        <line num="154" count="18" type="cond" truecount="1" falsecount="0"/>
        <line num="155" count="22" type="stmt"/>
        <line num="157" count="22" type="stmt"/>
        <line num="159" count="18" type="cond" truecount="1" falsecount="0"/>
        <line num="160" count="18" type="cond" truecount="1" falsecount="0"/>
        <line num="163" count="18" type="stmt"/>
        <line num="164" count="18" type="stmt"/>
        <line num="165" count="18" type="cond" truecount="1" falsecount="0"/>
        <line num="166" count="18" type="stmt"/>
        <line num="228" count="33" type="cond" truecount="1" falsecount="0"/>
        <line num="230" count="13" type="stmt"/>
        <line num="231" count="13" type="stmt"/>
        <line num="232" count="13" type="stmt"/>
        <line num="233" count="13" type="stmt"/>
        <line num="234" count="13" type="stmt"/>
        <line num="235" count="13" type="stmt"/>
        <line num="236" count="13" type="stmt"/>
        <line num="243" count="13" type="cond" truecount="1" falsecount="0"/>
        <line num="244" count="21" type="stmt"/>
        <line num="245" count="21" type="stmt"/>
        <line num="246" count="21" type="stmt"/>
        <line num="247" count="21" type="stmt"/>
        <line num="248" count="21" type="stmt"/>
        <line num="251" count="21" type="cond" truecount="1" falsecount="0"/>
        <line num="252" count="7" type="stmt"/>
        <line num="253" count="21" type="stmt"/>
        <line num="254" count="21" type="stmt"/>
        <line num="261" count="13" type="cond" truecount="1" falsecount="0"/>
        <line num="262" count="21" type="stmt"/>
        <line num="263" count="21" type="stmt"/>
        <line num="264" count="21" type="stmt"/>
        <line num="265" count="21" type="stmt"/>
        <line num="266" count="21" type="stmt"/>
        <line num="269" count="21" type="cond" truecount="1" falsecount="0"/>
        <line num="270" count="6" type="stmt"/>
        <line num="271" count="21" type="stmt"/>
        <line num="272" count="21" type="stmt"/>
        <line num="278" count="13" type="cond" truecount="1" falsecount="0"/>
        <line num="280" count="9" type="stmt"/>
        <line num="283" count="9" type="stmt"/>
        <line num="285" count="9" type="stmt"/>
        <line num="288" count="9" type="stmt"/>
        <line num="291" count="9" type="stmt"/>
        <line num="292" count="9" type="stmt"/>
        <line num="293" count="9" type="stmt"/>
        <line num="297" count="13" type="stmt"/>
        <line num="298" count="13" type="cond" truecount="1" falsecount="0"/>
        <line num="299" count="12" type="stmt"/>
        <line num="300" count="12" type="stmt"/>
        <line num="301" count="12" type="stmt"/>
        <line num="302" count="12" type="stmt"/>
        <line num="306" count="13" type="stmt"/>
        <line num="311" count="13" type="cond" truecount="1" falsecount="0"/>
        <line num="312" count="13" type="stmt"/>
        <line num="313" count="13" type="stmt"/>
        <line num="314" count="13" type="stmt"/>
        <line num="315" count="33" type="stmt"/>
      </file>
    </package>
    <package name="src.core.createStore">
      <metrics statements="11" coveredstatements="11" conditionals="5" coveredconditionals="5" methods="2" coveredmethods="2"/>
      <file name="createStore.interface.ts" path="C:\Users\TSapo\Github\substate\src\core\createStore\createStore.interface.ts">
        <metrics statements="0" coveredstatements="0" conditionals="1" coveredconditionals="1" methods="1" coveredmethods="1"/>
      </file>
      <file name="createStore.ts" path="C:\Users\TSapo\Github\substate\src\core\createStore\createStore.ts">
        <metrics statements="11" coveredstatements="11" conditionals="4" coveredconditionals="4" methods="1" coveredmethods="1"/>
        <line num="1" count="1" type="stmt"/>
        <line num="10" count="9" type="cond" truecount="1" falsecount="0"/>
        <line num="11" count="9" type="stmt"/>
        <line num="12" count="9" type="stmt"/>
        <line num="13" count="9" type="stmt"/>
        <line num="14" count="9" type="cond" truecount="1" falsecount="0"/>
        <line num="15" count="9" type="cond" truecount="1" falsecount="0"/>
        <line num="16" count="9" type="cond" truecount="1" falsecount="0"/>
        <line num="17" count="9" type="stmt"/>
        <line num="19" count="9" type="stmt"/>
        <line num="20" count="9" type="stmt"/>
      </file>
    </package>
  </project>
</coverage>
