<?xml version="1.0" encoding="UTF-8"?>
<coverage generated="1755411253460" clover="3.2.0">
  <project timestamp="1755411253460" name="All files">
    <metrics statements="288" coveredstatements="288" conditionals="92" coveredconditionals="92" methods="34" coveredmethods="34" elements="414" coveredelements="414" complexity="0" loc="288" ncloc="288" packages="4" files="7" classes="7"/>
    <package name="src">
      <metrics statements="2" coveredstatements="2" conditionals="0" coveredconditionals="0" methods="0" coveredmethods="0"/>
      <file name="index.ts" path="C:\Users\TSapo\Github\substate\src\index.ts">
        <metrics statements="2" coveredstatements="2" conditionals="0" coveredconditionals="0" methods="0" coveredmethods="0"/>
        <line num="2" count="1" type="stmt"/>
        <line num="6" count="1" type="stmt"/>
      </file>
    </package>
    <package name="src.core.PubSub">
      <metrics statements="33" coveredstatements="33" conditionals="13" coveredconditionals="13" methods="8" coveredmethods="8"/>
      <file name="PubSub.interface.ts" path="C:\Users\TSapo\Github\substate\src\core\PubSub\PubSub.interface.ts">
        <metrics statements="0" coveredstatements="0" conditionals="1" coveredconditionals="1" methods="1" coveredmethods="1"/>
      </file>
      <file name="PubSub.ts" path="C:\Users\TSapo\Github\substate\src\core\PubSub\PubSub.ts">
        <metrics statements="33" coveredstatements="33" conditionals="12" coveredconditionals="12" methods="7" coveredmethods="7"/>
        <line num="3" count="1" type="cond" truecount="1" falsecount="0"/>
        <line num="4" count="112" type="stmt"/>
        <line num="6" count="112" type="cond" truecount="1" falsecount="0"/>
        <line num="7" count="112" type="stmt"/>
        <line num="8" count="112" type="stmt"/>
        <line num="10" count="112" type="cond" truecount="1" falsecount="0"/>
        <line num="11" count="143" type="cond" truecount="1" falsecount="0"/>
        <line num="12" count="143" type="stmt"/>
        <line num="13" count="143" type="stmt"/>
        <line num="15" count="112" type="cond" truecount="1" falsecount="0"/>
        <line num="16" count="16" type="stmt"/>
        <line num="17" count="16" type="cond" truecount="1" falsecount="0"/>
        <line num="18" count="17" type="cond" truecount="1" falsecount="0"/>
        <line num="19" count="16" type="stmt"/>
        <line num="20" count="16" type="stmt"/>
        <line num="21" count="16" type="stmt"/>
        <line num="22" count="17" type="stmt"/>
        <line num="23" count="16" type="stmt"/>
        <line num="24" count="16" type="stmt"/>
        <line num="26" count="112" type="cond" truecount="1" falsecount="0"/>
        <line num="27" count="1" type="stmt"/>
        <line num="28" count="1" type="stmt"/>
        <line num="30" count="112" type="cond" truecount="1" falsecount="0"/>
        <line num="31" count="1" type="stmt"/>
        <line num="32" count="1" type="stmt"/>
        <line num="34" count="112" type="cond" truecount="1" falsecount="0"/>
        <line num="35" count="202" type="cond" truecount="1" falsecount="0"/>
        <line num="36" count="31" type="cond" truecount="1" falsecount="0"/>
        <line num="37" count="35" type="stmt"/>
        <line num="38" count="31" type="stmt"/>
        <line num="39" count="31" type="stmt"/>
        <line num="40" count="202" type="stmt"/>
        <line num="41" count="112" type="stmt"/>
      </file>
    </package>
    <package name="src.core.Substate">
      <metrics statements="241" coveredstatements="241" conditionals="73" coveredconditionals="73" methods="24" coveredmethods="24"/>
      <file name="Substate.interface.ts" path="C:\Users\TSapo\Github\substate\src\core\Substate\Substate.interface.ts">
        <metrics statements="0" coveredstatements="0" conditionals="1" coveredconditionals="1" methods="1" coveredmethods="1"/>
      </file>
      <file name="Substate.ts" path="C:\Users\TSapo\Github\substate\src\core\Substate\Substate.ts">
        <metrics statements="241" coveredstatements="241" conditionals="72" coveredconditionals="72" methods="23" coveredmethods="23"/>
        <line num="1" count="1" type="stmt"/>
        <line num="2" count="1" type="stmt"/>
        <line num="4" count="1" type="stmt"/>
        <line num="14" count="1" type="stmt"/>
        <line num="81" count="1" type="cond" truecount="1" falsecount="0"/>
        <line num="82" count="111" type="stmt"/>
        <line num="83" count="111" type="stmt"/>
        <line num="84" count="111" type="stmt"/>
        <line num="85" count="111" type="stmt"/>
        <line num="86" count="111" type="stmt"/>
        <line num="87" count="111" type="stmt"/>
        <line num="88" count="111" type="stmt"/>
        <line num="89" count="111" type="stmt"/>
        <line num="91" count="111" type="cond" truecount="1" falsecount="0"/>
        <line num="92" count="111" type="stmt"/>
        <line num="94" count="111" type="cond" truecount="1" falsecount="0"/>
        <line num="95" count="111" type="cond" truecount="1" falsecount="0"/>
        <line num="96" count="111" type="cond" truecount="1" falsecount="0"/>
        <line num="97" count="111" type="stmt"/>
        <line num="98" count="111" type="stmt"/>
        <line num="99" count="111" type="cond" truecount="1" falsecount="0"/>
        <line num="100" count="111" type="cond" truecount="1" falsecount="0"/>
        <line num="101" count="111" type="stmt"/>
        <line num="103" count="111" type="cond" truecount="1" falsecount="0"/>
        <line num="104" count="111" type="stmt"/>
        <line num="105" count="111" type="stmt"/>
        <line num="112" count="111" type="cond" truecount="1" falsecount="0"/>
        <line num="113" count="393" type="stmt"/>
        <line num="114" count="393" type="stmt"/>
        <line num="120" count="111" type="cond" truecount="1" falsecount="0"/>
        <line num="121" count="387" type="stmt"/>
        <line num="122" count="387" type="stmt"/>
        <line num="129" count="111" type="cond" truecount="1" falsecount="0"/>
        <line num="130" count="23" type="stmt"/>
        <line num="131" count="23" type="stmt"/>
        <line num="136" count="111" type="cond" truecount="1" falsecount="0"/>
        <line num="137" count="2" type="stmt"/>
        <line num="138" count="2" type="stmt"/>
        <line num="139" count="2" type="stmt"/>
        <line num="140" count="2" type="stmt"/>
        <line num="148" count="111" type="cond" truecount="1" falsecount="0"/>
        <line num="149" count="165" type="stmt"/>
        <line num="152" count="165" type="cond" truecount="1" falsecount="0"/>
        <line num="154" count="22" type="stmt"/>
        <line num="155" count="22" type="stmt"/>
        <line num="159" count="22" type="cond" truecount="1" falsecount="0"/>
        <line num="160" count="9" type="cond" truecount="1" falsecount="0"/>
        <line num="162" count="2" type="stmt"/>
        <line num="163" count="9" type="cond" truecount="1" falsecount="0"/>
        <line num="165" count="7" type="stmt"/>
        <line num="166" count="7" type="stmt"/>
        <line num="167" count="9" type="stmt"/>
        <line num="170" count="22" type="stmt"/>
        <line num="171" count="165" type="cond" truecount="1" falsecount="0"/>
        <line num="172" count="143" type="stmt"/>
        <line num="173" count="143" type="stmt"/>
        <line num="174" count="165" type="stmt"/>
        <line num="181" count="111" type="cond" truecount="1" falsecount="0"/>
        <line num="182" count="158" type="cond" truecount="2" falsecount="0"/>
        <line num="183" count="158" type="stmt"/>
        <line num="189" count="111" type="cond" truecount="1" falsecount="0"/>
        <line num="190" count="158" type="cond" truecount="1" falsecount="0"/>
        <line num="191" count="12" type="cond" truecount="1" falsecount="0"/>
        <line num="192" count="20" type="stmt"/>
        <line num="193" count="12" type="cond" truecount="1" falsecount="0"/>
        <line num="194" count="146" type="stmt"/>
        <line num="195" count="158" type="stmt"/>
        <line num="201" count="111" type="cond" truecount="1" falsecount="0"/>
        <line num="202" count="158" type="cond" truecount="1" falsecount="0"/>
        <line num="203" count="12" type="cond" truecount="1" falsecount="0"/>
        <line num="204" count="20" type="stmt"/>
        <line num="205" count="12" type="cond" truecount="1" falsecount="0"/>
        <line num="206" count="146" type="stmt"/>
        <line num="207" count="158" type="stmt"/>
        <line num="213" count="111" type="cond" truecount="1" falsecount="0"/>
        <line num="214" count="158" type="stmt"/>
        <line num="215" count="158" type="stmt"/>
        <line num="216" count="158" type="cond" truecount="1" falsecount="0"/>
        <line num="217" count="158" type="stmt"/>
        <line num="220" count="158" type="cond" truecount="1" falsecount="0"/>
        <line num="221" count="225" type="stmt"/>
        <line num="223" count="225" type="stmt"/>
        <line num="225" count="158" type="cond" truecount="1" falsecount="0"/>
        <line num="226" count="158" type="cond" truecount="1" falsecount="0"/>
        <line num="229" count="158" type="stmt"/>
        <line num="232" count="158" type="cond" truecount="1" falsecount="0"/>
        <line num="233" count="57" type="stmt"/>
        <line num="234" count="57" type="stmt"/>
        <line num="235" count="57" type="stmt"/>
        <line num="236" count="57" type="stmt"/>
        <line num="237" count="57" type="stmt"/>
        <line num="239" count="158" type="stmt"/>
        <line num="240" count="158" type="cond" truecount="1" falsecount="0"/>
        <line num="241" count="158" type="stmt"/>
        <line num="303" count="111" type="cond" truecount="1" falsecount="0"/>
        <line num="305" count="15" type="stmt"/>
        <line num="306" count="15" type="stmt"/>
        <line num="307" count="15" type="stmt"/>
        <line num="308" count="15" type="stmt"/>
        <line num="309" count="15" type="stmt"/>
        <line num="310" count="15" type="stmt"/>
        <line num="311" count="15" type="stmt"/>
        <line num="318" count="15" type="cond" truecount="1" falsecount="0"/>
        <line num="319" count="27" type="stmt"/>
        <line num="320" count="27" type="stmt"/>
        <line num="321" count="27" type="stmt"/>
        <line num="322" count="27" type="stmt"/>
        <line num="323" count="27" type="stmt"/>
        <line num="326" count="27" type="cond" truecount="1" falsecount="0"/>
        <line num="327" count="7" type="stmt"/>
        <line num="328" count="27" type="stmt"/>
        <line num="329" count="27" type="stmt"/>
        <line num="336" count="15" type="cond" truecount="1" falsecount="0"/>
        <line num="337" count="27" type="stmt"/>
        <line num="338" count="27" type="stmt"/>
        <line num="339" count="27" type="stmt"/>
        <line num="340" count="27" type="stmt"/>
        <line num="341" count="27" type="stmt"/>
        <line num="344" count="27" type="cond" truecount="1" falsecount="0"/>
        <line num="345" count="6" type="stmt"/>
        <line num="346" count="27" type="stmt"/>
        <line num="347" count="27" type="stmt"/>
        <line num="353" count="15" type="cond" truecount="1" falsecount="0"/>
        <line num="355" count="13" type="stmt"/>
        <line num="358" count="13" type="stmt"/>
        <line num="360" count="13" type="stmt"/>
        <line num="363" count="13" type="stmt"/>
        <line num="366" count="13" type="stmt"/>
        <line num="367" count="13" type="stmt"/>
        <line num="368" count="13" type="stmt"/>
        <line num="372" count="15" type="stmt"/>
        <line num="373" count="15" type="cond" truecount="1" falsecount="0"/>
        <line num="374" count="14" type="stmt"/>
        <line num="375" count="14" type="stmt"/>
        <line num="376" count="14" type="stmt"/>
        <line num="377" count="14" type="stmt"/>
        <line num="381" count="15" type="stmt"/>
        <line num="386" count="15" type="cond" truecount="1" falsecount="0"/>
        <line num="387" count="15" type="stmt"/>
        <line num="388" count="15" type="stmt"/>
        <line num="389" count="15" type="stmt"/>
        <line num="408" count="111" type="cond" truecount="1" falsecount="0"/>
        <line num="409" count="5" type="stmt"/>
        <line num="410" count="5" type="stmt"/>
        <line num="411" count="5" type="stmt"/>
        <line num="412" count="5" type="stmt"/>
        <line num="415" count="5" type="stmt"/>
        <line num="417" count="5" type="stmt"/>
        <line num="418" count="5" type="stmt"/>
        <line num="439" count="111" type="cond" truecount="1" falsecount="0"/>
        <line num="440" count="8" type="cond" truecount="1" falsecount="0"/>
        <line num="441" count="2" type="stmt"/>
        <line num="442" count="2" type="cond" truecount="1" falsecount="0"/>
        <line num="444" count="6" type="stmt"/>
        <line num="445" count="6" type="stmt"/>
        <line num="448" count="8" type="cond" truecount="1" falsecount="0"/>
        <line num="449" count="3" type="stmt"/>
        <line num="450" count="3" type="stmt"/>
        <line num="453" count="3" type="cond" truecount="1" falsecount="0"/>
        <line num="454" count="8" type="cond" truecount="1" falsecount="0"/>
        <line num="456" count="3" type="stmt"/>
        <line num="457" count="8" type="cond" truecount="1" falsecount="0"/>
        <line num="459" count="5" type="stmt"/>
        <line num="460" count="5" type="stmt"/>
        <line num="461" count="8" type="stmt"/>
        <line num="464" count="3" type="stmt"/>
        <line num="465" count="3" type="cond" truecount="1" falsecount="0"/>
        <line num="467" count="6" type="stmt"/>
        <line num="468" count="6" type="stmt"/>
        <line num="469" count="6" type="stmt"/>
        <line num="470" count="6" type="stmt"/>
        <line num="471" count="6" type="stmt"/>
        <line num="472" count="8" type="stmt"/>
        <line num="493" count="111" type="cond" truecount="1" falsecount="0"/>
        <line num="497" count="10" type="stmt"/>
        <line num="498" count="10" type="stmt"/>
        <line num="501" count="10" type="cond" truecount="1" falsecount="0"/>
        <line num="502" count="1" type="stmt"/>
        <line num="503" count="1" type="stmt"/>
        <line num="504" count="1" type="stmt"/>
        <line num="505" count="1" type="stmt"/>
        <line num="506" count="1" type="stmt"/>
        <line num="507" count="1" type="cond" truecount="1" falsecount="0"/>
        <line num="511" count="9" type="stmt"/>
        <line num="513" count="9" type="stmt"/>
        <line num="515" count="9" type="stmt"/>
        <line num="516" count="9" type="stmt"/>
        <line num="518" count="10" type="cond" truecount="1" falsecount="0"/>
        <line num="519" count="16" type="stmt"/>
        <line num="520" count="16" type="stmt"/>
        <line num="521" count="16" type="stmt"/>
        <line num="522" count="16" type="cond" truecount="1" falsecount="0"/>
        <line num="525" count="10" type="cond" truecount="2" falsecount="0"/>
        <line num="526" count="10" type="stmt"/>
        <line num="527" count="10" type="cond" truecount="1" falsecount="0"/>
        <line num="528" count="1" type="stmt"/>
        <line num="529" count="1" type="stmt"/>
        <line num="530" count="1" type="stmt"/>
        <line num="531" count="1" type="stmt"/>
        <line num="532" count="1" type="stmt"/>
        <line num="533" count="1" type="stmt"/>
        <line num="534" count="1" type="cond" truecount="1" falsecount="0"/>
        <line num="536" count="8" type="stmt"/>
        <line num="538" count="8" type="stmt"/>
        <line num="539" count="8" type="stmt"/>
        <line num="540" count="8" type="stmt"/>
        <line num="541" count="8" type="stmt"/>
        <line num="542" count="8" type="stmt"/>
        <line num="543" count="10" type="stmt"/>
        <line num="566" count="111" type="cond" truecount="1" falsecount="0"/>
        <line num="567" count="31" type="stmt"/>
        <line num="568" count="31" type="cond" truecount="2" falsecount="0"/>
        <line num="569" count="31" type="stmt"/>
        <line num="592" count="111" type="cond" truecount="1" falsecount="0"/>
        <line num="593" count="19" type="stmt"/>
        <line num="594" count="19" type="stmt"/>
        <line num="621" count="111" type="cond" truecount="1" falsecount="0"/>
        <line num="622" count="8" type="stmt"/>
        <line num="623" count="8" type="cond" truecount="1" falsecount="0"/>
        <line num="624" count="1" type="stmt"/>
        <line num="625" count="1" type="cond" truecount="1" falsecount="0"/>
        <line num="628" count="7" type="stmt"/>
        <line num="631" count="7" type="stmt"/>
        <line num="634" count="7" type="stmt"/>
        <line num="637" count="7" type="stmt"/>
        <line num="638" count="7" type="stmt"/>
        <line num="639" count="8" type="stmt"/>
        <line num="663" count="111" type="cond" truecount="1" falsecount="0"/>
        <line num="664" count="5" type="stmt"/>
        <line num="665" count="5" type="stmt"/>
        <line num="667" count="5" type="cond" truecount="1" falsecount="0"/>
        <line num="668" count="3" type="stmt"/>
        <line num="669" count="3" type="stmt"/>
        <line num="671" count="5" type="stmt"/>
        <line num="672" count="5" type="stmt"/>
        <line num="691" count="111" type="cond" truecount="1" falsecount="0"/>
        <line num="692" count="4" type="stmt"/>
        <line num="693" count="4" type="stmt"/>
        <line num="695" count="4" type="stmt"/>
        <line num="696" count="4" type="stmt"/>
        <line num="697" count="111" type="stmt"/>
      </file>
    </package>
    <package name="src.core.createStore">
      <metrics statements="12" coveredstatements="12" conditionals="6" coveredconditionals="6" methods="2" coveredmethods="2"/>
      <file name="createStore.interface.ts" path="C:\Users\TSapo\Github\substate\src\core\createStore\createStore.interface.ts">
        <metrics statements="0" coveredstatements="0" conditionals="1" coveredconditionals="1" methods="1" coveredmethods="1"/>
      </file>
      <file name="createStore.ts" path="C:\Users\TSapo\Github\substate\src\core\createStore\createStore.ts">
        <metrics statements="12" coveredstatements="12" conditionals="5" coveredconditionals="5" methods="1" coveredmethods="1"/>
        <line num="1" count="1" type="stmt"/>
        <line num="10" count="15" type="cond" truecount="1" falsecount="0"/>
        <line num="11" count="15" type="stmt"/>
        <line num="12" count="15" type="stmt"/>
        <line num="13" count="15" type="stmt"/>
        <line num="14" count="15" type="cond" truecount="1" falsecount="0"/>
        <line num="15" count="15" type="cond" truecount="1" falsecount="0"/>
        <line num="16" count="15" type="cond" truecount="1" falsecount="0"/>
        <line num="17" count="15" type="cond" truecount="1" falsecount="0"/>
        <line num="18" count="15" type="stmt"/>
        <line num="20" count="15" type="stmt"/>
        <line num="21" count="15" type="stmt"/>
      </file>
    </package>
  </project>
</coverage>
