{"C:\\Users\\TSapo\\Github\\substate\\src\\index.ts": {"path":"C:\\Users\\TSapo\\Github\\substate\\src\\index.ts","all":false,"statementMap":{"1":{"start":{"line":2,"column":0},"end":{"line":2,"column":60}},"5":{"start":{"line":6,"column":0},"end":{"line":6,"column":51}}},"s":{"1":1,"5":1},"branchMap":{},"b":{},"fnMap":{},"f":{}}
,"C:\\Users\\TSapo\\Github\\substate\\src\\core\\PubSub\\PubSub.interface.ts": {"path":"C:\\Users\\TSapo\\Github\\substate\\src\\core\\PubSub\\PubSub.interface.ts","all":true,"statementMap":{},"s":{},"branchMap":{"0":{"type":"branch","line":1,"loc":{"start":{"line":1,"column":777},"end":{"line":18,"column":46}},"locations":[{"start":{"line":1,"column":777},"end":{"line":18,"column":46}}]}},"b":{"0":[1]},"fnMap":{"0":{"name":"(empty-report)","decl":{"start":{"line":1,"column":777},"end":{"line":18,"column":46}},"loc":{"start":{"line":1,"column":777},"end":{"line":18,"column":46}},"line":1}},"f":{"0":1}}
,"C:\\Users\\TSapo\\Github\\substate\\src\\core\\PubSub\\PubSub.ts": {"path":"C:\\Users\\TSapo\\Github\\substate\\src\\core\\PubSub\\PubSub.ts","all":false,"statementMap":{"2":{"start":{"line":3,"column":0},"end":{"line":3,"column":33}},"3":{"start":{"line":4,"column":0},"end":{"line":4,"column":17}},"5":{"start":{"line":6,"column":0},"end":{"line":6,"column":17}},"6":{"start":{"line":7,"column":0},"end":{"line":7,"column":20}},"7":{"start":{"line":8,"column":0},"end":{"line":8,"column":3}},"9":{"start":{"line":10,"column":0},"end":{"line":10,"column":43}},"10":{"start":{"line":11,"column":0},"end":{"line":11,"column":57}},"11":{"start":{"line":12,"column":0},"end":{"line":12,"column":35}},"12":{"start":{"line":13,"column":0},"end":{"line":13,"column":3}},"14":{"start":{"line":15,"column":0},"end":{"line":15,"column":44}},"15":{"start":{"line":16,"column":0},"end":{"line":16,"column":33}},"16":{"start":{"line":17,"column":0},"end":{"line":17,"column":63}},"17":{"start":{"line":18,"column":0},"end":{"line":18,"column":47}},"18":{"start":{"line":19,"column":0},"end":{"line":19,"column":45}},"19":{"start":{"line":20,"column":0},"end":{"line":20,"column":15}},"20":{"start":{"line":21,"column":0},"end":{"line":21,"column":9}},"21":{"start":{"line":22,"column":0},"end":{"line":22,"column":7}},"22":{"start":{"line":23,"column":0},"end":{"line":23,"column":5}},"23":{"start":{"line":24,"column":0},"end":{"line":24,"column":3}},"25":{"start":{"line":26,"column":0},"end":{"line":26,"column":15}},"26":{"start":{"line":27,"column":0},"end":{"line":27,"column":20}},"27":{"start":{"line":28,"column":0},"end":{"line":28,"column":3}},"29":{"start":{"line":30,"column":0},"end":{"line":30,"column":34}},"30":{"start":{"line":31,"column":0},"end":{"line":31,"column":31}},"31":{"start":{"line":32,"column":0},"end":{"line":32,"column":3}},"33":{"start":{"line":34,"column":0},"end":{"line":34,"column":46}},"34":{"start":{"line":35,"column":0},"end":{"line":35,"column":33}},"35":{"start":{"line":36,"column":0},"end":{"line":36,"column":46}},"36":{"start":{"line":37,"column":0},"end":{"line":37,"column":16}},"37":{"start":{"line":38,"column":0},"end":{"line":38,"column":8}},"38":{"start":{"line":39,"column":0},"end":{"line":39,"column":5}},"39":{"start":{"line":40,"column":0},"end":{"line":40,"column":3}},"40":{"start":{"line":41,"column":0},"end":{"line":41,"column":1}}},"s":{"2":1,"3":34,"5":34,"6":34,"7":34,"9":34,"10":55,"11":55,"12":55,"14":34,"15":14,"16":14,"17":15,"18":14,"19":14,"20":14,"21":15,"22":14,"23":14,"25":34,"26":1,"27":1,"29":34,"30":1,"31":1,"33":34,"34":29,"35":19,"36":23,"37":19,"38":19,"39":29,"40":34},"branchMap":{"0":{"type":"branch","line":3,"loc":{"start":{"line":3,"column":32},"end":{"line":41,"column":1}},"locations":[{"start":{"line":3,"column":32},"end":{"line":41,"column":1}}]},"1":{"type":"branch","line":6,"loc":{"start":{"line":6,"column":2},"end":{"line":8,"column":3}},"locations":[{"start":{"line":6,"column":2},"end":{"line":8,"column":3}}]},"2":{"type":"branch","line":10,"loc":{"start":{"line":10,"column":2},"end":{"line":13,"column":3}},"locations":[{"start":{"line":10,"column":2},"end":{"line":13,"column":3}}]},"3":{"type":"branch","line":11,"loc":{"start":{"line":11,"column":50},"end":{"line":11,"column":57}},"locations":[{"start":{"line":11,"column":50},"end":{"line":11,"column":57}}]},"4":{"type":"branch","line":15,"loc":{"start":{"line":15,"column":2},"end":{"line":24,"column":3}},"locations":[{"start":{"line":15,"column":2},"end":{"line":24,"column":3}}]},"5":{"type":"branch","line":17,"loc":{"start":{"line":17,"column":62},"end":{"line":22,"column":7}},"locations":[{"start":{"line":17,"column":62},"end":{"line":22,"column":7}}]},"6":{"type":"branch","line":18,"loc":{"start":{"line":18,"column":46},"end":{"line":21,"column":9}},"locations":[{"start":{"line":18,"column":46},"end":{"line":21,"column":9}}]},"7":{"type":"branch","line":26,"loc":{"start":{"line":26,"column":2},"end":{"line":28,"column":3}},"locations":[{"start":{"line":26,"column":2},"end":{"line":28,"column":3}}]},"8":{"type":"branch","line":30,"loc":{"start":{"line":30,"column":2},"end":{"line":32,"column":3}},"locations":[{"start":{"line":30,"column":2},"end":{"line":32,"column":3}}]},"9":{"type":"branch","line":34,"loc":{"start":{"line":34,"column":2},"end":{"line":40,"column":3}},"locations":[{"start":{"line":34,"column":2},"end":{"line":40,"column":3}}]},"10":{"type":"branch","line":35,"loc":{"start":{"line":35,"column":32},"end":{"line":39,"column":5}},"locations":[{"start":{"line":35,"column":32},"end":{"line":39,"column":5}}]},"11":{"type":"branch","line":36,"loc":{"start":{"line":36,"column":37},"end":{"line":38,"column":7}},"locations":[{"start":{"line":36,"column":37},"end":{"line":38,"column":7}}]}},"b":{"0":[34],"1":[34],"2":[55],"3":[48],"4":[14],"5":[15],"6":[14],"7":[1],"8":[1],"9":[29],"10":[19],"11":[23]},"fnMap":{"0":{"name":"<instance_members_initializer>","decl":{"start":{"line":3,"column":32},"end":{"line":41,"column":1}},"loc":{"start":{"line":3,"column":32},"end":{"line":41,"column":1}},"line":3},"1":{"name":"PubSub","decl":{"start":{"line":6,"column":2},"end":{"line":8,"column":3}},"loc":{"start":{"line":6,"column":2},"end":{"line":8,"column":3}},"line":6},"2":{"name":"on","decl":{"start":{"line":10,"column":2},"end":{"line":13,"column":3}},"loc":{"start":{"line":10,"column":2},"end":{"line":13,"column":3}},"line":10},"3":{"name":"off","decl":{"start":{"line":15,"column":2},"end":{"line":24,"column":3}},"loc":{"start":{"line":15,"column":2},"end":{"line":24,"column":3}},"line":15},"4":{"name":"removeAll","decl":{"start":{"line":26,"column":2},"end":{"line":28,"column":3}},"loc":{"start":{"line":26,"column":2},"end":{"line":28,"column":3}},"line":26},"5":{"name":"removeAllOf","decl":{"start":{"line":30,"column":2},"end":{"line":32,"column":3}},"loc":{"start":{"line":30,"column":2},"end":{"line":32,"column":3}},"line":30},"6":{"name":"emit","decl":{"start":{"line":34,"column":2},"end":{"line":40,"column":3}},"loc":{"start":{"line":34,"column":2},"end":{"line":40,"column":3}},"line":34}},"f":{"0":34,"1":34,"2":55,"3":14,"4":1,"5":1,"6":29}}
,"C:\\Users\\TSapo\\Github\\substate\\src\\core\\Substate\\Substate.interface.ts": {"path":"C:\\Users\\TSapo\\Github\\substate\\src\\core\\Substate\\Substate.interface.ts","all":true,"statementMap":{},"s":{},"branchMap":{"0":{"type":"branch","line":1,"loc":{"start":{"line":1,"column":4048},"end":{"line":147,"column":1}},"locations":[{"start":{"line":1,"column":4048},"end":{"line":147,"column":1}}]}},"b":{"0":[1]},"fnMap":{"0":{"name":"(empty-report)","decl":{"start":{"line":1,"column":4048},"end":{"line":147,"column":1}},"loc":{"start":{"line":1,"column":4048},"end":{"line":147,"column":1}},"line":1}},"f":{"0":1}}
,"C:\\Users\\TSapo\\Github\\substate\\src\\core\\Substate\\Substate.ts": {"path":"C:\\Users\\TSapo\\Github\\substate\\src\\core\\Substate\\Substate.ts","all":false,"statementMap":{"0":{"start":{"line":1,"column":0},"end":{"line":1,"column":34}},"1":{"start":{"line":2,"column":0},"end":{"line":2,"column":38}},"3":{"start":{"line":4,"column":0},"end":{"line":4,"column":41}},"13":{"start":{"line":14,"column":0},"end":{"line":14,"column":32}},"80":{"start":{"line":81,"column":0},"end":{"line":81,"column":52}},"81":{"start":{"line":82,"column":0},"end":{"line":82,"column":14}},"82":{"start":{"line":83,"column":0},"end":{"line":83,"column":38}},"83":{"start":{"line":84,"column":0},"end":{"line":84,"column":39}},"84":{"start":{"line":85,"column":0},"end":{"line":85,"column":22}},"85":{"start":{"line":86,"column":0},"end":{"line":86,"column":24}},"86":{"start":{"line":87,"column":0},"end":{"line":87,"column":22}},"88":{"start":{"line":89,"column":0},"end":{"line":89,"column":34}},"89":{"start":{"line":90,"column":0},"end":{"line":90,"column":11}},"91":{"start":{"line":92,"column":0},"end":{"line":92,"column":46}},"92":{"start":{"line":93,"column":0},"end":{"line":93,"column":44}},"93":{"start":{"line":94,"column":0},"end":{"line":94,"column":46}},"94":{"start":{"line":95,"column":0},"end":{"line":95,"column":45}},"95":{"start":{"line":96,"column":0},"end":{"line":96,"column":46}},"96":{"start":{"line":97,"column":0},"end":{"line":97,"column":47}},"98":{"start":{"line":99,"column":0},"end":{"line":99,"column":73}},"99":{"start":{"line":100,"column":0},"end":{"line":100,"column":43}},"100":{"start":{"line":101,"column":0},"end":{"line":101,"column":3}},"102":{"start":{"line":103,"column":0},"end":{"line":103,"column":42}},"103":{"start":{"line":104,"column":0},"end":{"line":104,"column":35}},"104":{"start":{"line":105,"column":0},"end":{"line":105,"column":3}},"106":{"start":{"line":107,"column":0},"end":{"line":107,"column":36}},"107":{"start":{"line":108,"column":0},"end":{"line":108,"column":53}},"108":{"start":{"line":109,"column":0},"end":{"line":109,"column":3}},"110":{"start":{"line":111,"column":0},"end":{"line":111,"column":41}},"111":{"start":{"line":112,"column":0},"end":{"line":112,"column":49}},"112":{"start":{"line":113,"column":0},"end":{"line":113,"column":3}},"114":{"start":{"line":115,"column":0},"end":{"line":115,"column":23}},"115":{"start":{"line":116,"column":0},"end":{"line":116,"column":25}},"116":{"start":{"line":117,"column":0},"end":{"line":117,"column":46}},"117":{"start":{"line":118,"column":0},"end":{"line":118,"column":28}},"118":{"start":{"line":119,"column":0},"end":{"line":119,"column":3}},"121":{"start":{"line":122,"column":0},"end":{"line":122,"column":39}},"122":{"start":{"line":123,"column":0},"end":{"line":123,"column":36}},"123":{"start":{"line":124,"column":0},"end":{"line":124,"column":52}},"124":{"start":{"line":125,"column":0},"end":{"line":125,"column":3}},"126":{"start":{"line":127,"column":0},"end":{"line":127,"column":45}},"127":{"start":{"line":128,"column":0},"end":{"line":128,"column":95}},"128":{"start":{"line":129,"column":0},"end":{"line":129,"column":3}},"130":{"start":{"line":131,"column":0},"end":{"line":131,"column":54}},"131":{"start":{"line":132,"column":0},"end":{"line":132,"column":32}},"132":{"start":{"line":133,"column":0},"end":{"line":133,"column":45}},"133":{"start":{"line":134,"column":0},"end":{"line":134,"column":28}},"134":{"start":{"line":135,"column":0},"end":{"line":135,"column":10}},"135":{"start":{"line":136,"column":0},"end":{"line":136,"column":12}},"136":{"start":{"line":137,"column":0},"end":{"line":137,"column":3}},"138":{"start":{"line":139,"column":0},"end":{"line":139,"column":53}},"139":{"start":{"line":140,"column":0},"end":{"line":140,"column":31}},"140":{"start":{"line":141,"column":0},"end":{"line":141,"column":44}},"141":{"start":{"line":142,"column":0},"end":{"line":142,"column":28}},"142":{"start":{"line":143,"column":0},"end":{"line":143,"column":10}},"143":{"start":{"line":144,"column":0},"end":{"line":144,"column":12}},"144":{"start":{"line":145,"column":0},"end":{"line":145,"column":3}},"146":{"start":{"line":147,"column":0},"end":{"line":147,"column":44}},"147":{"start":{"line":148,"column":0},"end":{"line":148,"column":37}},"148":{"start":{"line":149,"column":0},"end":{"line":149,"column":40}},"149":{"start":{"line":150,"column":0},"end":{"line":150,"column":55}},"150":{"start":{"line":151,"column":0},"end":{"line":151,"column":42}},"153":{"start":{"line":154,"column":0},"end":{"line":154,"column":31}},"154":{"start":{"line":155,"column":0},"end":{"line":155,"column":42}},"156":{"start":{"line":157,"column":0},"end":{"line":157,"column":5}},"158":{"start":{"line":159,"column":0},"end":{"line":159,"column":72}},"159":{"start":{"line":160,"column":0},"end":{"line":160,"column":70}},"162":{"start":{"line":163,"column":0},"end":{"line":163,"column":28}},"163":{"start":{"line":164,"column":0},"end":{"line":164,"column":36}},"164":{"start":{"line":165,"column":0},"end":{"line":165,"column":94}},"165":{"start":{"line":166,"column":0},"end":{"line":166,"column":3}},"227":{"start":{"line":228,"column":0},"end":{"line":228,"column":48}},"229":{"start":{"line":230,"column":0},"end":{"line":230,"column":11}},"230":{"start":{"line":231,"column":0},"end":{"line":231,"column":16}},"231":{"start":{"line":232,"column":0},"end":{"line":232,"column":17}},"232":{"start":{"line":233,"column":0},"end":{"line":233,"column":80}},"233":{"start":{"line":234,"column":0},"end":{"line":234,"column":71}},"234":{"start":{"line":235,"column":0},"end":{"line":235,"column":70}},"235":{"start":{"line":236,"column":0},"end":{"line":236,"column":14}},"242":{"start":{"line":243,"column":0},"end":{"line":243,"column":64}},"243":{"start":{"line":244,"column":0},"end":{"line":244,"column":36}},"244":{"start":{"line":245,"column":0},"end":{"line":245,"column":75}},"245":{"start":{"line":246,"column":0},"end":{"line":246,"column":68}},"246":{"start":{"line":247,"column":0},"end":{"line":247,"column":59}},"247":{"start":{"line":248,"column":0},"end":{"line":248,"column":7}},"250":{"start":{"line":251,"column":0},"end":{"line":251,"column":72}},"251":{"start":{"line":252,"column":0},"end":{"line":252,"column":52}},"252":{"start":{"line":253,"column":0},"end":{"line":253,"column":15}},"253":{"start":{"line":254,"column":0},"end":{"line":254,"column":5}},"260":{"start":{"line":261,"column":0},"end":{"line":261,"column":60}},"261":{"start":{"line":262,"column":0},"end":{"line":262,"column":36}},"262":{"start":{"line":263,"column":0},"end":{"line":263,"column":27}},"263":{"start":{"line":264,"column":0},"end":{"line":264,"column":26}},"264":{"start":{"line":265,"column":0},"end":{"line":265,"column":18}},"265":{"start":{"line":266,"column":0},"end":{"line":266,"column":7}},"268":{"start":{"line":269,"column":0},"end":{"line":269,"column":47}},"269":{"start":{"line":270,"column":0},"end":{"line":270,"column":34}},"270":{"start":{"line":271,"column":0},"end":{"line":271,"column":8}},"271":{"start":{"line":272,"column":0},"end":{"line":272,"column":5}},"277":{"start":{"line":278,"column":0},"end":{"line":278,"column":44}},"279":{"start":{"line":280,"column":0},"end":{"line":280,"column":52}},"282":{"start":{"line":283,"column":0},"end":{"line":283,"column":37}},"284":{"start":{"line":285,"column":0},"end":{"line":285,"column":66}},"287":{"start":{"line":288,"column":0},"end":{"line":288,"column":56}},"290":{"start":{"line":291,"column":0},"end":{"line":291,"column":46}},"291":{"start":{"line":292,"column":0},"end":{"line":292,"column":7}},"292":{"start":{"line":293,"column":0},"end":{"line":293,"column":5}},"296":{"start":{"line":297,"column":0},"end":{"line":297,"column":54}},"297":{"start":{"line":298,"column":0},"end":{"line":298,"column":42}},"298":{"start":{"line":299,"column":0},"end":{"line":299,"column":71}},"299":{"start":{"line":300,"column":0},"end":{"line":300,"column":54}},"300":{"start":{"line":301,"column":0},"end":{"line":301,"column":44}},"301":{"start":{"line":302,"column":0},"end":{"line":302,"column":5}},"305":{"start":{"line":306,"column":0},"end":{"line":306,"column":41}},"310":{"start":{"line":311,"column":0},"end":{"line":311,"column":18}},"311":{"start":{"line":312,"column":0},"end":{"line":312,"column":44}},"312":{"start":{"line":313,"column":0},"end":{"line":313,"column":5}},"313":{"start":{"line":314,"column":0},"end":{"line":314,"column":3}},"314":{"start":{"line":315,"column":0},"end":{"line":315,"column":1}}},"s":{"0":1,"1":1,"3":1,"13":1,"80":1,"81":33,"82":33,"83":33,"84":33,"85":33,"86":33,"88":33,"89":33,"91":33,"92":33,"93":33,"94":33,"95":33,"96":33,"98":33,"99":33,"100":33,"102":33,"103":67,"104":67,"106":33,"107":64,"108":64,"110":33,"111":21,"112":21,"114":33,"115":1,"116":1,"117":1,"118":1,"121":33,"122":18,"123":18,"124":18,"126":33,"127":18,"128":18,"130":33,"131":18,"132":8,"133":16,"134":8,"135":10,"136":18,"138":33,"139":18,"140":8,"141":16,"142":8,"143":10,"144":18,"146":33,"147":18,"148":18,"149":18,"150":18,"153":18,"154":22,"156":22,"158":18,"159":18,"162":18,"163":18,"164":18,"165":18,"227":33,"229":13,"230":13,"231":13,"232":13,"233":13,"234":13,"235":13,"242":13,"243":21,"244":21,"245":21,"246":21,"247":21,"250":21,"251":7,"252":21,"253":21,"260":13,"261":21,"262":21,"263":21,"264":21,"265":21,"268":21,"269":6,"270":21,"271":21,"277":13,"279":9,"282":9,"284":9,"287":9,"290":9,"291":9,"292":9,"296":13,"297":13,"298":12,"299":12,"300":12,"301":12,"305":13,"310":13,"311":13,"312":13,"313":13,"314":33},"branchMap":{"0":{"type":"branch","line":81,"loc":{"start":{"line":81,"column":51},"end":{"line":315,"column":1}},"locations":[{"start":{"line":81,"column":51},"end":{"line":315,"column":1}}]},"1":{"type":"branch","line":89,"loc":{"start":{"line":89,"column":2},"end":{"line":101,"column":3}},"locations":[{"start":{"line":89,"column":2},"end":{"line":101,"column":3}}]},"2":{"type":"branch","line":92,"loc":{"start":{"line":92,"column":20},"end":{"line":92,"column":46}},"locations":[{"start":{"line":92,"column":20},"end":{"line":92,"column":46}}]},"3":{"type":"branch","line":93,"loc":{"start":{"line":93,"column":27},"end":{"line":93,"column":44}},"locations":[{"start":{"line":93,"column":27},"end":{"line":93,"column":44}}]},"4":{"type":"branch","line":94,"loc":{"start":{"line":94,"column":28},"end":{"line":94,"column":46}},"locations":[{"start":{"line":94,"column":28},"end":{"line":94,"column":46}}]},"5":{"type":"branch","line":97,"loc":{"start":{"line":97,"column":27},"end":{"line":97,"column":47}},"locations":[{"start":{"line":97,"column":27},"end":{"line":97,"column":47}}]},"6":{"type":"branch","line":99,"loc":{"start":{"line":99,"column":19},"end":{"line":99,"column":73}},"locations":[{"start":{"line":99,"column":19},"end":{"line":99,"column":73}}]},"7":{"type":"branch","line":103,"loc":{"start":{"line":103,"column":9},"end":{"line":105,"column":3}},"locations":[{"start":{"line":103,"column":9},"end":{"line":105,"column":3}}]},"8":{"type":"branch","line":107,"loc":{"start":{"line":107,"column":9},"end":{"line":109,"column":3}},"locations":[{"start":{"line":107,"column":9},"end":{"line":109,"column":3}}]},"9":{"type":"branch","line":111,"loc":{"start":{"line":111,"column":9},"end":{"line":113,"column":3}},"locations":[{"start":{"line":111,"column":9},"end":{"line":113,"column":3}}]},"10":{"type":"branch","line":115,"loc":{"start":{"line":115,"column":9},"end":{"line":119,"column":3}},"locations":[{"start":{"line":115,"column":9},"end":{"line":119,"column":3}}]},"11":{"type":"branch","line":122,"loc":{"start":{"line":122,"column":10},"end":{"line":125,"column":3}},"locations":[{"start":{"line":122,"column":10},"end":{"line":125,"column":3}}]},"12":{"type":"branch","line":127,"loc":{"start":{"line":127,"column":10},"end":{"line":129,"column":3}},"locations":[{"start":{"line":127,"column":10},"end":{"line":129,"column":3}}]},"13":{"type":"branch","line":128,"loc":{"start":{"line":128,"column":11},"end":{"line":128,"column":54}},"locations":[{"start":{"line":128,"column":11},"end":{"line":128,"column":54}}]},"14":{"type":"branch","line":128,"loc":{"start":{"line":128,"column":50},"end":{"line":128,"column":95}},"locations":[{"start":{"line":128,"column":50},"end":{"line":128,"column":95}}]},"15":{"type":"branch","line":131,"loc":{"start":{"line":131,"column":10},"end":{"line":137,"column":3}},"locations":[{"start":{"line":131,"column":10},"end":{"line":137,"column":3}}]},"16":{"type":"branch","line":132,"loc":{"start":{"line":132,"column":31},"end":{"line":135,"column":10}},"locations":[{"start":{"line":132,"column":31},"end":{"line":135,"column":10}}]},"17":{"type":"branch","line":135,"loc":{"start":{"line":135,"column":9},"end":{"line":136,"column":12}},"locations":[{"start":{"line":135,"column":9},"end":{"line":136,"column":12}}]},"18":{"type":"branch","line":133,"loc":{"start":{"line":133,"column":34},"end":{"line":135,"column":9}},"locations":[{"start":{"line":133,"column":34},"end":{"line":135,"column":9}}]},"19":{"type":"branch","line":139,"loc":{"start":{"line":139,"column":10},"end":{"line":145,"column":3}},"locations":[{"start":{"line":139,"column":10},"end":{"line":145,"column":3}}]},"20":{"type":"branch","line":140,"loc":{"start":{"line":140,"column":30},"end":{"line":143,"column":10}},"locations":[{"start":{"line":140,"column":30},"end":{"line":143,"column":10}}]},"21":{"type":"branch","line":143,"loc":{"start":{"line":143,"column":9},"end":{"line":144,"column":12}},"locations":[{"start":{"line":143,"column":9},"end":{"line":144,"column":12}}]},"22":{"type":"branch","line":141,"loc":{"start":{"line":141,"column":33},"end":{"line":143,"column":9}},"locations":[{"start":{"line":141,"column":33},"end":{"line":143,"column":9}}]},"23":{"type":"branch","line":147,"loc":{"start":{"line":147,"column":9},"end":{"line":166,"column":3}},"locations":[{"start":{"line":147,"column":9},"end":{"line":166,"column":3}}]},"24":{"type":"branch","line":150,"loc":{"start":{"line":150,"column":36},"end":{"line":150,"column":55}},"locations":[{"start":{"line":150,"column":36},"end":{"line":150,"column":55}}]},"25":{"type":"branch","line":154,"loc":{"start":{"line":154,"column":30},"end":{"line":157,"column":5}},"locations":[{"start":{"line":154,"column":30},"end":{"line":157,"column":5}}]},"26":{"type":"branch","line":159,"loc":{"start":{"line":159,"column":27},"end":{"line":159,"column":72}},"locations":[{"start":{"line":159,"column":27},"end":{"line":159,"column":72}}]},"27":{"type":"branch","line":160,"loc":{"start":{"line":160,"column":28},"end":{"line":160,"column":70}},"locations":[{"start":{"line":160,"column":28},"end":{"line":160,"column":70}}]},"28":{"type":"branch","line":165,"loc":{"start":{"line":165,"column":21},"end":{"line":165,"column":47}},"locations":[{"start":{"line":165,"column":21},"end":{"line":165,"column":47}}]},"29":{"type":"branch","line":228,"loc":{"start":{"line":228,"column":9},"end":{"line":314,"column":3}},"locations":[{"start":{"line":228,"column":9},"end":{"line":314,"column":3}}]},"30":{"type":"branch","line":298,"loc":{"start":{"line":298,"column":41},"end":{"line":302,"column":5}},"locations":[{"start":{"line":298,"column":41},"end":{"line":302,"column":5}}]},"31":{"type":"branch","line":243,"loc":{"start":{"line":243,"column":34},"end":{"line":254,"column":5}},"locations":[{"start":{"line":243,"column":34},"end":{"line":254,"column":5}}]},"32":{"type":"branch","line":251,"loc":{"start":{"line":251,"column":37},"end":{"line":253,"column":9}},"locations":[{"start":{"line":251,"column":37},"end":{"line":253,"column":9}}]},"33":{"type":"branch","line":261,"loc":{"start":{"line":261,"column":33},"end":{"line":272,"column":5}},"locations":[{"start":{"line":261,"column":33},"end":{"line":272,"column":5}}]},"34":{"type":"branch","line":269,"loc":{"start":{"line":269,"column":30},"end":{"line":271,"column":7}},"locations":[{"start":{"line":269,"column":30},"end":{"line":271,"column":7}}]},"35":{"type":"branch","line":278,"loc":{"start":{"line":278,"column":24},"end":{"line":293,"column":5}},"locations":[{"start":{"line":278,"column":24},"end":{"line":293,"column":5}}]},"36":{"type":"branch","line":311,"loc":{"start":{"line":311,"column":11},"end":{"line":313,"column":5}},"locations":[{"start":{"line":311,"column":11},"end":{"line":313,"column":5}}]}},"b":{"0":[33],"1":[33],"2":[11],"3":[11],"4":[11],"5":[18],"6":[28],"7":[67],"8":[64],"9":[21],"10":[1],"11":[18],"12":[18],"13":[8],"14":[10],"15":[18],"16":[8],"17":[10],"18":[16],"19":[18],"20":[8],"21":[10],"22":[16],"23":[18],"24":[0],"25":[22],"26":[10],"27":[15],"28":[15],"29":[13],"30":[12],"31":[21],"32":[7],"33":[21],"34":[6],"35":[9],"36":[13]},"fnMap":{"0":{"name":"<instance_members_initializer>","decl":{"start":{"line":81,"column":51},"end":{"line":315,"column":1}},"loc":{"start":{"line":81,"column":51},"end":{"line":315,"column":1}},"line":81},"1":{"name":"Substate","decl":{"start":{"line":89,"column":2},"end":{"line":101,"column":3}},"loc":{"start":{"line":89,"column":2},"end":{"line":101,"column":3}},"line":89},"2":{"name":"getState","decl":{"start":{"line":103,"column":9},"end":{"line":105,"column":3}},"loc":{"start":{"line":103,"column":9},"end":{"line":105,"column":3}},"line":103},"3":{"name":"getCurrentState","decl":{"start":{"line":107,"column":9},"end":{"line":109,"column":3}},"loc":{"start":{"line":107,"column":9},"end":{"line":109,"column":3}},"line":107},"4":{"name":"getProp","decl":{"start":{"line":111,"column":9},"end":{"line":113,"column":3}},"loc":{"start":{"line":111,"column":9},"end":{"line":113,"column":3}},"line":111},"5":{"name":"resetState","decl":{"start":{"line":115,"column":9},"end":{"line":119,"column":3}},"loc":{"start":{"line":115,"column":9},"end":{"line":119,"column":3}},"line":115},"6":{"name":"pushState","decl":{"start":{"line":122,"column":10},"end":{"line":125,"column":3}},"loc":{"start":{"line":122,"column":10},"end":{"line":125,"column":3}},"line":122},"7":{"name":"cloneState","decl":{"start":{"line":127,"column":10},"end":{"line":129,"column":3}},"loc":{"start":{"line":127,"column":10},"end":{"line":129,"column":3}},"line":127},"8":{"name":"fireBeforeMiddleware","decl":{"start":{"line":131,"column":10},"end":{"line":137,"column":3}},"loc":{"start":{"line":131,"column":10},"end":{"line":137,"column":3}},"line":131},"9":{"name":"fireAfterMiddleware","decl":{"start":{"line":139,"column":10},"end":{"line":145,"column":3}},"loc":{"start":{"line":139,"column":10},"end":{"line":145,"column":3}},"line":139},"10":{"name":"updateState","decl":{"start":{"line":147,"column":9},"end":{"line":166,"column":3}},"loc":{"start":{"line":147,"column":9},"end":{"line":166,"column":3}},"line":147},"11":{"name":"sync","decl":{"start":{"line":228,"column":9},"end":{"line":314,"column":3}},"loc":{"start":{"line":228,"column":9},"end":{"line":314,"column":3}},"line":228},"12":{"name":"applyBeforeMiddleware","decl":{"start":{"line":243,"column":34},"end":{"line":254,"column":5}},"loc":{"start":{"line":243,"column":34},"end":{"line":254,"column":5}},"line":243},"13":{"name":"applyAfterMiddleware","decl":{"start":{"line":261,"column":33},"end":{"line":272,"column":5}},"loc":{"start":{"line":261,"column":33},"end":{"line":272,"column":5}},"line":261},"14":{"name":"syncHandler","decl":{"start":{"line":278,"column":24},"end":{"line":293,"column":5}},"loc":{"start":{"line":278,"column":24},"end":{"line":293,"column":5}},"line":278}},"f":{"0":33,"1":33,"2":67,"3":64,"4":21,"5":1,"6":18,"7":18,"8":18,"9":18,"10":18,"11":13,"12":21,"13":21,"14":9}}
,"C:\\Users\\TSapo\\Github\\substate\\src\\core\\createStore\\createStore.interface.ts": {"path":"C:\\Users\\TSapo\\Github\\substate\\src\\core\\createStore\\createStore.interface.ts","all":true,"statementMap":{},"s":{},"branchMap":{"0":{"type":"branch","line":1,"loc":{"start":{"line":1,"column":267},"end":{"line":11,"column":34}},"locations":[{"start":{"line":1,"column":267},"end":{"line":11,"column":34}}]}},"b":{"0":[1]},"fnMap":{"0":{"name":"(empty-report)","decl":{"start":{"line":1,"column":267},"end":{"line":11,"column":34}},"loc":{"start":{"line":1,"column":267},"end":{"line":11,"column":34}},"line":1}},"f":{"0":1}}
,"C:\\Users\\TSapo\\Github\\substate\\src\\core\\createStore\\createStore.ts": {"path":"C:\\Users\\TSapo\\Github\\substate\\src\\core\\createStore\\createStore.ts","all":false,"statementMap":{"0":{"start":{"line":1,"column":0},"end":{"line":1,"column":47}},"9":{"start":{"line":10,"column":0},"end":{"line":10,"column":60}},"10":{"start":{"line":11,"column":0},"end":{"line":11,"column":35}},"11":{"start":{"line":12,"column":0},"end":{"line":12,"column":22}},"12":{"start":{"line":13,"column":0},"end":{"line":13,"column":24}},"13":{"start":{"line":14,"column":0},"end":{"line":14,"column":45}},"14":{"start":{"line":15,"column":0},"end":{"line":15,"column":44}},"15":{"start":{"line":16,"column":0},"end":{"line":16,"column":42}},"16":{"start":{"line":17,"column":0},"end":{"line":17,"column":3}},"18":{"start":{"line":19,"column":0},"end":{"line":19,"column":37}},"19":{"start":{"line":20,"column":0},"end":{"line":20,"column":1}}},"s":{"0":1,"9":9,"10":9,"11":9,"12":9,"13":9,"14":9,"15":9,"16":9,"18":9,"19":9},"branchMap":{"0":{"type":"branch","line":10,"loc":{"start":{"line":10,"column":0},"end":{"line":20,"column":1}},"locations":[{"start":{"line":10,"column":0},"end":{"line":20,"column":1}}]},"1":{"type":"branch","line":14,"loc":{"start":{"line":14,"column":24},"end":{"line":14,"column":45}},"locations":[{"start":{"line":14,"column":24},"end":{"line":14,"column":45}}]},"2":{"type":"branch","line":15,"loc":{"start":{"line":15,"column":25},"end":{"line":15,"column":44}},"locations":[{"start":{"line":15,"column":25},"end":{"line":15,"column":44}}]},"3":{"type":"branch","line":16,"loc":{"start":{"line":16,"column":24},"end":{"line":16,"column":42}},"locations":[{"start":{"line":16,"column":24},"end":{"line":16,"column":42}}]}},"b":{"0":[9],"1":[7],"2":[7],"3":[7]},"fnMap":{"0":{"name":"createStore","decl":{"start":{"line":10,"column":0},"end":{"line":20,"column":1}},"loc":{"start":{"line":10,"column":0},"end":{"line":20,"column":1}},"line":10}},"f":{"0":9}}
}
