{"C:\\Users\\TSapo\\Github\\substate\\src\\index.ts": {"path":"C:\\Users\\TSapo\\Github\\substate\\src\\index.ts","all":false,"statementMap":{"1":{"start":{"line":2,"column":0},"end":{"line":2,"column":61}},"5":{"start":{"line":6,"column":0},"end":{"line":6,"column":52}}},"s":{"1":1,"5":1},"branchMap":{},"b":{},"fnMap":{},"f":{}}
,"C:\\Users\\TSapo\\Github\\substate\\src\\core\\PubSub\\PubSub.interface.ts": {"path":"C:\\Users\\TSapo\\Github\\substate\\src\\core\\PubSub\\PubSub.interface.ts","all":true,"statementMap":{},"s":{},"branchMap":{"0":{"type":"branch","line":1,"loc":{"start":{"line":1,"column":786},"end":{"line":18,"column":47}},"locations":[{"start":{"line":1,"column":786},"end":{"line":18,"column":47}}]}},"b":{"0":[1]},"fnMap":{"0":{"name":"(empty-report)","decl":{"start":{"line":1,"column":786},"end":{"line":18,"column":47}},"loc":{"start":{"line":1,"column":786},"end":{"line":18,"column":47}},"line":1}},"f":{"0":1}}
,"C:\\Users\\TSapo\\Github\\substate\\src\\core\\PubSub\\PubSub.ts": {"path":"C:\\Users\\TSapo\\Github\\substate\\src\\core\\PubSub\\PubSub.ts","all":false,"statementMap":{"2":{"start":{"line":3,"column":0},"end":{"line":3,"column":33}},"3":{"start":{"line":4,"column":0},"end":{"line":4,"column":18}},"5":{"start":{"line":6,"column":0},"end":{"line":6,"column":17}},"6":{"start":{"line":7,"column":0},"end":{"line":7,"column":21}},"7":{"start":{"line":8,"column":0},"end":{"line":8,"column":3}},"9":{"start":{"line":10,"column":0},"end":{"line":10,"column":43}},"10":{"start":{"line":11,"column":0},"end":{"line":11,"column":58}},"11":{"start":{"line":12,"column":0},"end":{"line":12,"column":36}},"12":{"start":{"line":13,"column":0},"end":{"line":13,"column":3}},"14":{"start":{"line":15,"column":0},"end":{"line":15,"column":44}},"15":{"start":{"line":16,"column":0},"end":{"line":16,"column":33}},"16":{"start":{"line":17,"column":0},"end":{"line":17,"column":63}},"17":{"start":{"line":18,"column":0},"end":{"line":18,"column":47}},"18":{"start":{"line":19,"column":0},"end":{"line":19,"column":46}},"19":{"start":{"line":20,"column":0},"end":{"line":20,"column":16}},"20":{"start":{"line":21,"column":0},"end":{"line":21,"column":9}},"21":{"start":{"line":22,"column":0},"end":{"line":22,"column":7}},"22":{"start":{"line":23,"column":0},"end":{"line":23,"column":5}},"23":{"start":{"line":24,"column":0},"end":{"line":24,"column":3}},"25":{"start":{"line":26,"column":0},"end":{"line":26,"column":15}},"26":{"start":{"line":27,"column":0},"end":{"line":27,"column":21}},"27":{"start":{"line":28,"column":0},"end":{"line":28,"column":3}},"29":{"start":{"line":30,"column":0},"end":{"line":30,"column":34}},"30":{"start":{"line":31,"column":0},"end":{"line":31,"column":32}},"31":{"start":{"line":32,"column":0},"end":{"line":32,"column":3}},"33":{"start":{"line":34,"column":0},"end":{"line":34,"column":46}},"34":{"start":{"line":35,"column":0},"end":{"line":35,"column":33}},"35":{"start":{"line":36,"column":0},"end":{"line":36,"column":46}},"36":{"start":{"line":37,"column":0},"end":{"line":37,"column":17}},"37":{"start":{"line":38,"column":0},"end":{"line":38,"column":9}},"38":{"start":{"line":39,"column":0},"end":{"line":39,"column":5}},"39":{"start":{"line":40,"column":0},"end":{"line":40,"column":3}},"40":{"start":{"line":41,"column":0},"end":{"line":41,"column":1}}},"s":{"2":1,"3":112,"5":112,"6":112,"7":112,"9":112,"10":143,"11":143,"12":143,"14":112,"15":16,"16":16,"17":17,"18":16,"19":16,"20":16,"21":17,"22":16,"23":16,"25":112,"26":1,"27":1,"29":112,"30":1,"31":1,"33":112,"34":202,"35":31,"36":35,"37":31,"38":31,"39":202,"40":112},"branchMap":{"0":{"type":"branch","line":3,"loc":{"start":{"line":3,"column":32},"end":{"line":41,"column":1}},"locations":[{"start":{"line":3,"column":32},"end":{"line":41,"column":1}}]},"1":{"type":"branch","line":6,"loc":{"start":{"line":6,"column":2},"end":{"line":8,"column":3}},"locations":[{"start":{"line":6,"column":2},"end":{"line":8,"column":3}}]},"2":{"type":"branch","line":10,"loc":{"start":{"line":10,"column":2},"end":{"line":13,"column":3}},"locations":[{"start":{"line":10,"column":2},"end":{"line":13,"column":3}}]},"3":{"type":"branch","line":11,"loc":{"start":{"line":11,"column":50},"end":{"line":11,"column":58}},"locations":[{"start":{"line":11,"column":50},"end":{"line":11,"column":58}}]},"4":{"type":"branch","line":15,"loc":{"start":{"line":15,"column":2},"end":{"line":24,"column":3}},"locations":[{"start":{"line":15,"column":2},"end":{"line":24,"column":3}}]},"5":{"type":"branch","line":17,"loc":{"start":{"line":17,"column":62},"end":{"line":22,"column":7}},"locations":[{"start":{"line":17,"column":62},"end":{"line":22,"column":7}}]},"6":{"type":"branch","line":18,"loc":{"start":{"line":18,"column":46},"end":{"line":21,"column":9}},"locations":[{"start":{"line":18,"column":46},"end":{"line":21,"column":9}}]},"7":{"type":"branch","line":26,"loc":{"start":{"line":26,"column":2},"end":{"line":28,"column":3}},"locations":[{"start":{"line":26,"column":2},"end":{"line":28,"column":3}}]},"8":{"type":"branch","line":30,"loc":{"start":{"line":30,"column":2},"end":{"line":32,"column":3}},"locations":[{"start":{"line":30,"column":2},"end":{"line":32,"column":3}}]},"9":{"type":"branch","line":34,"loc":{"start":{"line":34,"column":2},"end":{"line":40,"column":3}},"locations":[{"start":{"line":34,"column":2},"end":{"line":40,"column":3}}]},"10":{"type":"branch","line":35,"loc":{"start":{"line":35,"column":32},"end":{"line":39,"column":5}},"locations":[{"start":{"line":35,"column":32},"end":{"line":39,"column":5}}]},"11":{"type":"branch","line":36,"loc":{"start":{"line":36,"column":37},"end":{"line":38,"column":7}},"locations":[{"start":{"line":36,"column":37},"end":{"line":38,"column":7}}]}},"b":{"0":[112],"1":[112],"2":[143],"3":[136],"4":[16],"5":[17],"6":[16],"7":[1],"8":[1],"9":[202],"10":[31],"11":[35]},"fnMap":{"0":{"name":"<instance_members_initializer>","decl":{"start":{"line":3,"column":32},"end":{"line":41,"column":1}},"loc":{"start":{"line":3,"column":32},"end":{"line":41,"column":1}},"line":3},"1":{"name":"PubSub","decl":{"start":{"line":6,"column":2},"end":{"line":8,"column":3}},"loc":{"start":{"line":6,"column":2},"end":{"line":8,"column":3}},"line":6},"2":{"name":"on","decl":{"start":{"line":10,"column":2},"end":{"line":13,"column":3}},"loc":{"start":{"line":10,"column":2},"end":{"line":13,"column":3}},"line":10},"3":{"name":"off","decl":{"start":{"line":15,"column":2},"end":{"line":24,"column":3}},"loc":{"start":{"line":15,"column":2},"end":{"line":24,"column":3}},"line":15},"4":{"name":"removeAll","decl":{"start":{"line":26,"column":2},"end":{"line":28,"column":3}},"loc":{"start":{"line":26,"column":2},"end":{"line":28,"column":3}},"line":26},"5":{"name":"removeAllOf","decl":{"start":{"line":30,"column":2},"end":{"line":32,"column":3}},"loc":{"start":{"line":30,"column":2},"end":{"line":32,"column":3}},"line":30},"6":{"name":"emit","decl":{"start":{"line":34,"column":2},"end":{"line":40,"column":3}},"loc":{"start":{"line":34,"column":2},"end":{"line":40,"column":3}},"line":34}},"f":{"0":112,"1":112,"2":143,"3":16,"4":1,"5":1,"6":202}}
,"C:\\Users\\TSapo\\Github\\substate\\src\\core\\Substate\\Substate.interface.ts": {"path":"C:\\Users\\TSapo\\Github\\substate\\src\\core\\Substate\\Substate.interface.ts","all":true,"statementMap":{},"s":{},"branchMap":{"0":{"type":"branch","line":1,"loc":{"start":{"line":1,"column":5011},"end":{"line":176,"column":2}},"locations":[{"start":{"line":1,"column":5011},"end":{"line":176,"column":2}}]}},"b":{"0":[1]},"fnMap":{"0":{"name":"(empty-report)","decl":{"start":{"line":1,"column":5011},"end":{"line":176,"column":2}},"loc":{"start":{"line":1,"column":5011},"end":{"line":176,"column":2}},"line":1}},"f":{"0":1}}
,"C:\\Users\\TSapo\\Github\\substate\\src\\core\\Substate\\Substate.ts": {"path":"C:\\Users\\TSapo\\Github\\substate\\src\\core\\Substate\\Substate.ts","all":false,"statementMap":{"0":{"start":{"line":1,"column":0},"end":{"line":1,"column":35}},"1":{"start":{"line":2,"column":0},"end":{"line":2,"column":39}},"3":{"start":{"line":4,"column":0},"end":{"line":4,"column":42}},"13":{"start":{"line":14,"column":0},"end":{"line":14,"column":33}},"80":{"start":{"line":81,"column":0},"end":{"line":81,"column":52}},"81":{"start":{"line":82,"column":0},"end":{"line":82,"column":15}},"82":{"start":{"line":83,"column":0},"end":{"line":83,"column":39}},"83":{"start":{"line":84,"column":0},"end":{"line":84,"column":40}},"84":{"start":{"line":85,"column":0},"end":{"line":85,"column":23}},"85":{"start":{"line":86,"column":0},"end":{"line":86,"column":25}},"86":{"start":{"line":87,"column":0},"end":{"line":87,"column":23}},"87":{"start":{"line":88,"column":0},"end":{"line":88,"column":25}},"88":{"start":{"line":89,"column":0},"end":{"line":89,"column":67}},"90":{"start":{"line":91,"column":0},"end":{"line":91,"column":34}},"91":{"start":{"line":92,"column":0},"end":{"line":92,"column":12}},"93":{"start":{"line":94,"column":0},"end":{"line":94,"column":47}},"94":{"start":{"line":95,"column":0},"end":{"line":95,"column":45}},"95":{"start":{"line":96,"column":0},"end":{"line":96,"column":47}},"96":{"start":{"line":97,"column":0},"end":{"line":97,"column":46}},"97":{"start":{"line":98,"column":0},"end":{"line":98,"column":47}},"98":{"start":{"line":99,"column":0},"end":{"line":99,"column":48}},"99":{"start":{"line":100,"column":0},"end":{"line":100,"column":51}},"100":{"start":{"line":101,"column":0},"end":{"line":101,"column":34}},"102":{"start":{"line":103,"column":0},"end":{"line":103,"column":74}},"103":{"start":{"line":104,"column":0},"end":{"line":104,"column":44}},"104":{"start":{"line":105,"column":0},"end":{"line":105,"column":3}},"111":{"start":{"line":112,"column":0},"end":{"line":112,"column":42}},"112":{"start":{"line":113,"column":0},"end":{"line":113,"column":36}},"113":{"start":{"line":114,"column":0},"end":{"line":114,"column":3}},"119":{"start":{"line":120,"column":0},"end":{"line":120,"column":36}},"120":{"start":{"line":121,"column":0},"end":{"line":121,"column":54}},"121":{"start":{"line":122,"column":0},"end":{"line":122,"column":3}},"128":{"start":{"line":129,"column":0},"end":{"line":129,"column":41}},"129":{"start":{"line":130,"column":0},"end":{"line":130,"column":50}},"130":{"start":{"line":131,"column":0},"end":{"line":131,"column":3}},"135":{"start":{"line":136,"column":0},"end":{"line":136,"column":29}},"136":{"start":{"line":137,"column":0},"end":{"line":137,"column":26}},"137":{"start":{"line":138,"column":0},"end":{"line":138,"column":47}},"138":{"start":{"line":139,"column":0},"end":{"line":139,"column":29}},"139":{"start":{"line":140,"column":0},"end":{"line":140,"column":3}},"147":{"start":{"line":148,"column":0},"end":{"line":148,"column":45}},"148":{"start":{"line":149,"column":0},"end":{"line":149,"column":37}},"151":{"start":{"line":152,"column":0},"end":{"line":152,"column":57}},"153":{"start":{"line":154,"column":0},"end":{"line":154,"column":76}},"154":{"start":{"line":155,"column":0},"end":{"line":155,"column":50}},"158":{"start":{"line":159,"column":0},"end":{"line":159,"column":69}},"159":{"start":{"line":160,"column":0},"end":{"line":160,"column":54}},"161":{"start":{"line":162,"column":0},"end":{"line":162,"column":40}},"162":{"start":{"line":163,"column":0},"end":{"line":163,"column":16}},"164":{"start":{"line":165,"column":0},"end":{"line":165,"column":51}},"165":{"start":{"line":166,"column":0},"end":{"line":166,"column":9}},"166":{"start":{"line":167,"column":0},"end":{"line":167,"column":7}},"169":{"start":{"line":170,"column":0},"end":{"line":170,"column":55}},"170":{"start":{"line":171,"column":0},"end":{"line":171,"column":12}},"171":{"start":{"line":172,"column":0},"end":{"line":172,"column":55}},"172":{"start":{"line":173,"column":0},"end":{"line":173,"column":5}},"173":{"start":{"line":174,"column":0},"end":{"line":174,"column":3}},"180":{"start":{"line":181,"column":0},"end":{"line":181,"column":45}},"181":{"start":{"line":182,"column":0},"end":{"line":182,"column":96}},"182":{"start":{"line":183,"column":0},"end":{"line":183,"column":3}},"188":{"start":{"line":189,"column":0},"end":{"line":189,"column":54}},"189":{"start":{"line":190,"column":0},"end":{"line":190,"column":32}},"190":{"start":{"line":191,"column":0},"end":{"line":191,"column":45}},"191":{"start":{"line":192,"column":0},"end":{"line":192,"column":29}},"192":{"start":{"line":193,"column":0},"end":{"line":193,"column":10}},"193":{"start":{"line":194,"column":0},"end":{"line":194,"column":13}},"194":{"start":{"line":195,"column":0},"end":{"line":195,"column":3}},"200":{"start":{"line":201,"column":0},"end":{"line":201,"column":53}},"201":{"start":{"line":202,"column":0},"end":{"line":202,"column":31}},"202":{"start":{"line":203,"column":0},"end":{"line":203,"column":44}},"203":{"start":{"line":204,"column":0},"end":{"line":204,"column":29}},"204":{"start":{"line":205,"column":0},"end":{"line":205,"column":10}},"205":{"start":{"line":206,"column":0},"end":{"line":206,"column":13}},"206":{"start":{"line":207,"column":0},"end":{"line":207,"column":3}},"212":{"start":{"line":213,"column":0},"end":{"line":213,"column":44}},"213":{"start":{"line":214,"column":0},"end":{"line":214,"column":38}},"214":{"start":{"line":215,"column":0},"end":{"line":215,"column":41}},"215":{"start":{"line":216,"column":0},"end":{"line":216,"column":56}},"216":{"start":{"line":217,"column":0},"end":{"line":217,"column":43}},"219":{"start":{"line":220,"column":0},"end":{"line":220,"column":31}},"220":{"start":{"line":221,"column":0},"end":{"line":221,"column":43}},"222":{"start":{"line":223,"column":0},"end":{"line":223,"column":5}},"224":{"start":{"line":225,"column":0},"end":{"line":225,"column":73}},"225":{"start":{"line":226,"column":0},"end":{"line":226,"column":71}},"228":{"start":{"line":229,"column":0},"end":{"line":229,"column":29}},"231":{"start":{"line":232,"column":0},"end":{"line":232,"column":36}},"232":{"start":{"line":233,"column":0},"end":{"line":233,"column":42}},"233":{"start":{"line":234,"column":0},"end":{"line":234,"column":38}},"234":{"start":{"line":235,"column":0},"end":{"line":235,"column":77}},"235":{"start":{"line":236,"column":0},"end":{"line":236,"column":9}},"236":{"start":{"line":237,"column":0},"end":{"line":237,"column":5}},"238":{"start":{"line":239,"column":0},"end":{"line":239,"column":37}},"239":{"start":{"line":240,"column":0},"end":{"line":240,"column":95}},"240":{"start":{"line":241,"column":0},"end":{"line":241,"column":3}},"302":{"start":{"line":303,"column":0},"end":{"line":303,"column":48}},"304":{"start":{"line":305,"column":0},"end":{"line":305,"column":11}},"305":{"start":{"line":306,"column":0},"end":{"line":306,"column":16}},"306":{"start":{"line":307,"column":0},"end":{"line":307,"column":17}},"307":{"start":{"line":308,"column":0},"end":{"line":308,"column":80}},"308":{"start":{"line":309,"column":0},"end":{"line":309,"column":71}},"309":{"start":{"line":310,"column":0},"end":{"line":310,"column":70}},"310":{"start":{"line":311,"column":0},"end":{"line":311,"column":15}},"317":{"start":{"line":318,"column":0},"end":{"line":318,"column":64}},"318":{"start":{"line":319,"column":0},"end":{"line":319,"column":36}},"319":{"start":{"line":320,"column":0},"end":{"line":320,"column":75}},"320":{"start":{"line":321,"column":0},"end":{"line":321,"column":68}},"321":{"start":{"line":322,"column":0},"end":{"line":322,"column":59}},"322":{"start":{"line":323,"column":0},"end":{"line":323,"column":8}},"325":{"start":{"line":326,"column":0},"end":{"line":326,"column":72}},"326":{"start":{"line":327,"column":0},"end":{"line":327,"column":53}},"327":{"start":{"line":328,"column":0},"end":{"line":328,"column":16}},"328":{"start":{"line":329,"column":0},"end":{"line":329,"column":6}},"335":{"start":{"line":336,"column":0},"end":{"line":336,"column":60}},"336":{"start":{"line":337,"column":0},"end":{"line":337,"column":36}},"337":{"start":{"line":338,"column":0},"end":{"line":338,"column":27}},"338":{"start":{"line":339,"column":0},"end":{"line":339,"column":26}},"339":{"start":{"line":340,"column":0},"end":{"line":340,"column":18}},"340":{"start":{"line":341,"column":0},"end":{"line":341,"column":8}},"343":{"start":{"line":344,"column":0},"end":{"line":344,"column":47}},"344":{"start":{"line":345,"column":0},"end":{"line":345,"column":35}},"345":{"start":{"line":346,"column":0},"end":{"line":346,"column":9}},"346":{"start":{"line":347,"column":0},"end":{"line":347,"column":6}},"352":{"start":{"line":353,"column":0},"end":{"line":353,"column":44}},"354":{"start":{"line":355,"column":0},"end":{"line":355,"column":53}},"357":{"start":{"line":358,"column":0},"end":{"line":358,"column":37}},"359":{"start":{"line":360,"column":0},"end":{"line":360,"column":67}},"362":{"start":{"line":363,"column":0},"end":{"line":363,"column":57}},"365":{"start":{"line":366,"column":0},"end":{"line":366,"column":47}},"366":{"start":{"line":367,"column":0},"end":{"line":367,"column":7}},"367":{"start":{"line":368,"column":0},"end":{"line":368,"column":6}},"371":{"start":{"line":372,"column":0},"end":{"line":372,"column":55}},"372":{"start":{"line":373,"column":0},"end":{"line":373,"column":42}},"373":{"start":{"line":374,"column":0},"end":{"line":374,"column":72}},"374":{"start":{"line":375,"column":0},"end":{"line":375,"column":55}},"375":{"start":{"line":376,"column":0},"end":{"line":376,"column":45}},"376":{"start":{"line":377,"column":0},"end":{"line":377,"column":5}},"380":{"start":{"line":381,"column":0},"end":{"line":381,"column":42}},"385":{"start":{"line":386,"column":0},"end":{"line":386,"column":18}},"386":{"start":{"line":387,"column":0},"end":{"line":387,"column":45}},"387":{"start":{"line":388,"column":0},"end":{"line":388,"column":6}},"388":{"start":{"line":389,"column":0},"end":{"line":389,"column":3}},"407":{"start":{"line":408,"column":0},"end":{"line":408,"column":31}},"408":{"start":{"line":409,"column":0},"end":{"line":409,"column":52}},"409":{"start":{"line":410,"column":0},"end":{"line":410,"column":48}},"410":{"start":{"line":411,"column":0},"end":{"line":411,"column":39}},"411":{"start":{"line":412,"column":0},"end":{"line":412,"column":26}},"414":{"start":{"line":415,"column":0},"end":{"line":415,"column":30}},"416":{"start":{"line":417,"column":0},"end":{"line":417,"column":53}},"417":{"start":{"line":418,"column":0},"end":{"line":418,"column":3}},"438":{"start":{"line":439,"column":0},"end":{"line":439,"column":46}},"439":{"start":{"line":440,"column":0},"end":{"line":440,"column":22}},"440":{"start":{"line":441,"column":0},"end":{"line":441,"column":57}},"441":{"start":{"line":442,"column":0},"end":{"line":442,"column":5}},"443":{"start":{"line":444,"column":0},"end":{"line":444,"column":45}},"444":{"start":{"line":445,"column":0},"end":{"line":445,"column":34}},"447":{"start":{"line":448,"column":0},"end":{"line":448,"column":45}},"448":{"start":{"line":449,"column":0},"end":{"line":449,"column":64}},"449":{"start":{"line":450,"column":0},"end":{"line":450,"column":50}},"452":{"start":{"line":453,"column":0},"end":{"line":453,"column":69}},"453":{"start":{"line":454,"column":0},"end":{"line":454,"column":54}},"455":{"start":{"line":456,"column":0},"end":{"line":456,"column":40}},"456":{"start":{"line":457,"column":0},"end":{"line":457,"column":16}},"458":{"start":{"line":459,"column":0},"end":{"line":459,"column":51}},"459":{"start":{"line":460,"column":0},"end":{"line":460,"column":9}},"460":{"start":{"line":461,"column":0},"end":{"line":461,"column":7}},"463":{"start":{"line":464,"column":0},"end":{"line":464,"column":55}},"464":{"start":{"line":465,"column":0},"end":{"line":465,"column":5}},"466":{"start":{"line":467,"column":0},"end":{"line":467,"column":40}},"467":{"start":{"line":468,"column":0},"end":{"line":468,"column":19}},"468":{"start":{"line":469,"column":0},"end":{"line":469,"column":23}},"469":{"start":{"line":470,"column":0},"end":{"line":470,"column":53}},"470":{"start":{"line":471,"column":0},"end":{"line":471,"column":7}},"471":{"start":{"line":472,"column":0},"end":{"line":472,"column":3}},"492":{"start":{"line":493,"column":0},"end":{"line":493,"column":28}},"496":{"start":{"line":497,"column":0},"end":{"line":497,"column":5}},"497":{"start":{"line":498,"column":0},"end":{"line":498,"column":48}},"500":{"start":{"line":501,"column":0},"end":{"line":501,"column":27}},"501":{"start":{"line":502,"column":0},"end":{"line":502,"column":14}},"502":{"start":{"line":503,"column":0},"end":{"line":503,"column":22}},"503":{"start":{"line":504,"column":0},"end":{"line":504,"column":23}},"504":{"start":{"line":505,"column":0},"end":{"line":505,"column":27}},"505":{"start":{"line":506,"column":0},"end":{"line":506,"column":8}},"506":{"start":{"line":507,"column":0},"end":{"line":507,"column":5}},"510":{"start":{"line":511,"column":0},"end":{"line":511,"column":27}},"512":{"start":{"line":513,"column":0},"end":{"line":513,"column":9}},"514":{"start":{"line":515,"column":0},"end":{"line":515,"column":49}},"515":{"start":{"line":516,"column":0},"end":{"line":516,"column":30}},"517":{"start":{"line":518,"column":0},"end":{"line":518,"column":44}},"518":{"start":{"line":519,"column":0},"end":{"line":519,"column":92}},"519":{"start":{"line":520,"column":0},"end":{"line":520,"column":72}},"520":{"start":{"line":521,"column":0},"end":{"line":521,"column":80}},"521":{"start":{"line":522,"column":0},"end":{"line":522,"column":7}},"524":{"start":{"line":525,"column":0},"end":{"line":525,"column":81}},"525":{"start":{"line":526,"column":0},"end":{"line":526,"column":53}},"526":{"start":{"line":527,"column":0},"end":{"line":527,"column":22}},"527":{"start":{"line":528,"column":0},"end":{"line":528,"column":62}},"528":{"start":{"line":529,"column":0},"end":{"line":529,"column":14}},"529":{"start":{"line":530,"column":0},"end":{"line":530,"column":45}},"530":{"start":{"line":531,"column":0},"end":{"line":531,"column":44}},"531":{"start":{"line":532,"column":0},"end":{"line":532,"column":30}},"532":{"start":{"line":533,"column":0},"end":{"line":533,"column":8}},"533":{"start":{"line":534,"column":0},"end":{"line":534,"column":5}},"535":{"start":{"line":536,"column":0},"end":{"line":536,"column":75}},"537":{"start":{"line":538,"column":0},"end":{"line":538,"column":12}},"538":{"start":{"line":539,"column":0},"end":{"line":539,"column":17}},"539":{"start":{"line":540,"column":0},"end":{"line":540,"column":42}},"540":{"start":{"line":541,"column":0},"end":{"line":541,"column":22}},"541":{"start":{"line":542,"column":0},"end":{"line":542,"column":6}},"542":{"start":{"line":543,"column":0},"end":{"line":543,"column":3}},"565":{"start":{"line":566,"column":0},"end":{"line":566,"column":58}},"566":{"start":{"line":567,"column":0},"end":{"line":567,"column":51}},"567":{"start":{"line":568,"column":0},"end":{"line":568,"column":66}},"568":{"start":{"line":569,"column":0},"end":{"line":569,"column":3}},"591":{"start":{"line":592,"column":0},"end":{"line":592,"column":39}},"592":{"start":{"line":593,"column":0},"end":{"line":593,"column":48}},"593":{"start":{"line":594,"column":0},"end":{"line":594,"column":3}},"620":{"start":{"line":621,"column":0},"end":{"line":621,"column":39}},"621":{"start":{"line":622,"column":0},"end":{"line":622,"column":51}},"622":{"start":{"line":623,"column":0},"end":{"line":623,"column":23}},"623":{"start":{"line":624,"column":0},"end":{"line":624,"column":48}},"624":{"start":{"line":625,"column":0},"end":{"line":625,"column":5}},"627":{"start":{"line":628,"column":0},"end":{"line":628,"column":55}},"630":{"start":{"line":631,"column":0},"end":{"line":631,"column":30}},"633":{"start":{"line":634,"column":0},"end":{"line":634,"column":34}},"636":{"start":{"line":637,"column":0},"end":{"line":637,"column":68}},"637":{"start":{"line":638,"column":0},"end":{"line":638,"column":55}},"638":{"start":{"line":639,"column":0},"end":{"line":639,"column":3}},"662":{"start":{"line":663,"column":0},"end":{"line":663,"column":42}},"663":{"start":{"line":664,"column":0},"end":{"line":664,"column":47}},"664":{"start":{"line":665,"column":0},"end":{"line":665,"column":34}},"666":{"start":{"line":667,"column":0},"end":{"line":667,"column":18}},"667":{"start":{"line":668,"column":0},"end":{"line":668,"column":40}},"668":{"start":{"line":669,"column":0},"end":{"line":669,"column":5}},"670":{"start":{"line":671,"column":0},"end":{"line":671,"column":19}},"671":{"start":{"line":672,"column":0},"end":{"line":672,"column":3}},"690":{"start":{"line":691,"column":0},"end":{"line":691,"column":28}},"691":{"start":{"line":692,"column":0},"end":{"line":692,"column":44}},"692":{"start":{"line":693,"column":0},"end":{"line":693,"column":30}},"694":{"start":{"line":695,"column":0},"end":{"line":695,"column":58}},"695":{"start":{"line":696,"column":0},"end":{"line":696,"column":3}},"696":{"start":{"line":697,"column":0},"end":{"line":697,"column":1}}},"s":{"0":1,"1":1,"3":1,"13":1,"80":1,"81":111,"82":111,"83":111,"84":111,"85":111,"86":111,"87":111,"88":111,"90":111,"91":111,"93":111,"94":111,"95":111,"96":111,"97":111,"98":111,"99":111,"100":111,"102":111,"103":111,"104":111,"111":111,"112":393,"113":393,"119":111,"120":387,"121":387,"128":111,"129":23,"130":23,"135":111,"136":2,"137":2,"138":2,"139":2,"147":111,"148":165,"151":165,"153":22,"154":22,"158":22,"159":9,"161":2,"162":9,"164":7,"165":7,"166":9,"169":22,"170":165,"171":143,"172":143,"173":165,"180":111,"181":158,"182":158,"188":111,"189":158,"190":12,"191":20,"192":12,"193":146,"194":158,"200":111,"201":158,"202":12,"203":20,"204":12,"205":146,"206":158,"212":111,"213":158,"214":158,"215":158,"216":158,"219":158,"220":225,"222":225,"224":158,"225":158,"228":158,"231":158,"232":57,"233":57,"234":57,"235":57,"236":57,"238":158,"239":158,"240":158,"302":111,"304":15,"305":15,"306":15,"307":15,"308":15,"309":15,"310":15,"317":15,"318":27,"319":27,"320":27,"321":27,"322":27,"325":27,"326":7,"327":27,"328":27,"335":15,"336":27,"337":27,"338":27,"339":27,"340":27,"343":27,"344":6,"345":27,"346":27,"352":15,"354":13,"357":13,"359":13,"362":13,"365":13,"366":13,"367":13,"371":15,"372":15,"373":14,"374":14,"375":14,"376":14,"380":15,"385":15,"386":15,"387":15,"388":15,"407":111,"408":5,"409":5,"410":5,"411":5,"414":5,"416":5,"417":5,"438":111,"439":8,"440":2,"441":2,"443":6,"444":6,"447":8,"448":3,"449":3,"452":3,"453":8,"455":3,"456":8,"458":5,"459":5,"460":8,"463":3,"464":3,"466":6,"467":6,"468":6,"469":6,"470":6,"471":8,"492":111,"496":10,"497":10,"500":10,"501":1,"502":1,"503":1,"504":1,"505":1,"506":1,"510":9,"512":9,"514":9,"515":9,"517":10,"518":16,"519":16,"520":16,"521":16,"524":10,"525":10,"526":10,"527":1,"528":1,"529":1,"530":1,"531":1,"532":1,"533":1,"535":8,"537":8,"538":8,"539":8,"540":8,"541":8,"542":10,"565":111,"566":31,"567":31,"568":31,"591":111,"592":19,"593":19,"620":111,"621":8,"622":8,"623":1,"624":1,"627":7,"630":7,"633":7,"636":7,"637":7,"638":8,"662":111,"663":5,"664":5,"666":5,"667":3,"668":3,"670":5,"671":5,"690":111,"691":4,"692":4,"694":4,"695":4,"696":111},"branchMap":{"0":{"type":"branch","line":81,"loc":{"start":{"line":81,"column":51},"end":{"line":697,"column":1}},"locations":[{"start":{"line":81,"column":51},"end":{"line":697,"column":1}}]},"1":{"type":"branch","line":91,"loc":{"start":{"line":91,"column":2},"end":{"line":105,"column":3}},"locations":[{"start":{"line":91,"column":2},"end":{"line":105,"column":3}}]},"2":{"type":"branch","line":94,"loc":{"start":{"line":94,"column":20},"end":{"line":94,"column":47}},"locations":[{"start":{"line":94,"column":20},"end":{"line":94,"column":47}}]},"3":{"type":"branch","line":95,"loc":{"start":{"line":95,"column":27},"end":{"line":95,"column":45}},"locations":[{"start":{"line":95,"column":27},"end":{"line":95,"column":45}}]},"4":{"type":"branch","line":96,"loc":{"start":{"line":96,"column":28},"end":{"line":96,"column":47}},"locations":[{"start":{"line":96,"column":28},"end":{"line":96,"column":47}}]},"5":{"type":"branch","line":99,"loc":{"start":{"line":99,"column":27},"end":{"line":99,"column":48}},"locations":[{"start":{"line":99,"column":27},"end":{"line":99,"column":48}}]},"6":{"type":"branch","line":100,"loc":{"start":{"line":100,"column":30},"end":{"line":100,"column":51}},"locations":[{"start":{"line":100,"column":30},"end":{"line":100,"column":51}}]},"7":{"type":"branch","line":103,"loc":{"start":{"line":103,"column":19},"end":{"line":103,"column":74}},"locations":[{"start":{"line":103,"column":19},"end":{"line":103,"column":74}}]},"8":{"type":"branch","line":112,"loc":{"start":{"line":112,"column":9},"end":{"line":114,"column":3}},"locations":[{"start":{"line":112,"column":9},"end":{"line":114,"column":3}}]},"9":{"type":"branch","line":120,"loc":{"start":{"line":120,"column":9},"end":{"line":122,"column":3}},"locations":[{"start":{"line":120,"column":9},"end":{"line":122,"column":3}}]},"10":{"type":"branch","line":129,"loc":{"start":{"line":129,"column":9},"end":{"line":131,"column":3}},"locations":[{"start":{"line":129,"column":9},"end":{"line":131,"column":3}}]},"11":{"type":"branch","line":136,"loc":{"start":{"line":136,"column":9},"end":{"line":140,"column":3}},"locations":[{"start":{"line":136,"column":9},"end":{"line":140,"column":3}}]},"12":{"type":"branch","line":148,"loc":{"start":{"line":148,"column":10},"end":{"line":174,"column":3}},"locations":[{"start":{"line":148,"column":10},"end":{"line":174,"column":3}}]},"13":{"type":"branch","line":152,"loc":{"start":{"line":152,"column":56},"end":{"line":171,"column":11}},"locations":[{"start":{"line":152,"column":56},"end":{"line":171,"column":11}}]},"14":{"type":"branch","line":159,"loc":{"start":{"line":159,"column":68},"end":{"line":167,"column":7}},"locations":[{"start":{"line":159,"column":68},"end":{"line":167,"column":7}}]},"15":{"type":"branch","line":160,"loc":{"start":{"line":160,"column":53},"end":{"line":163,"column":15}},"locations":[{"start":{"line":160,"column":53},"end":{"line":163,"column":15}}]},"16":{"type":"branch","line":163,"loc":{"start":{"line":163,"column":8},"end":{"line":166,"column":9}},"locations":[{"start":{"line":163,"column":8},"end":{"line":166,"column":9}}]},"17":{"type":"branch","line":171,"loc":{"start":{"line":171,"column":4},"end":{"line":173,"column":5}},"locations":[{"start":{"line":171,"column":4},"end":{"line":173,"column":5}}]},"18":{"type":"branch","line":181,"loc":{"start":{"line":181,"column":10},"end":{"line":183,"column":3}},"locations":[{"start":{"line":181,"column":10},"end":{"line":183,"column":3}}]},"19":{"type":"branch","line":182,"loc":{"start":{"line":182,"column":11},"end":{"line":182,"column":54}},"locations":[{"start":{"line":182,"column":11},"end":{"line":182,"column":54}}]},"20":{"type":"branch","line":182,"loc":{"start":{"line":182,"column":50},"end":{"line":182,"column":96}},"locations":[{"start":{"line":182,"column":50},"end":{"line":182,"column":96}}]},"21":{"type":"branch","line":189,"loc":{"start":{"line":189,"column":10},"end":{"line":195,"column":3}},"locations":[{"start":{"line":189,"column":10},"end":{"line":195,"column":3}}]},"22":{"type":"branch","line":190,"loc":{"start":{"line":190,"column":31},"end":{"line":193,"column":10}},"locations":[{"start":{"line":190,"column":31},"end":{"line":193,"column":10}}]},"23":{"type":"branch","line":193,"loc":{"start":{"line":193,"column":9},"end":{"line":194,"column":13}},"locations":[{"start":{"line":193,"column":9},"end":{"line":194,"column":13}}]},"24":{"type":"branch","line":191,"loc":{"start":{"line":191,"column":34},"end":{"line":193,"column":9}},"locations":[{"start":{"line":191,"column":34},"end":{"line":193,"column":9}}]},"25":{"type":"branch","line":201,"loc":{"start":{"line":201,"column":10},"end":{"line":207,"column":3}},"locations":[{"start":{"line":201,"column":10},"end":{"line":207,"column":3}}]},"26":{"type":"branch","line":202,"loc":{"start":{"line":202,"column":30},"end":{"line":205,"column":10}},"locations":[{"start":{"line":202,"column":30},"end":{"line":205,"column":10}}]},"27":{"type":"branch","line":205,"loc":{"start":{"line":205,"column":9},"end":{"line":206,"column":13}},"locations":[{"start":{"line":205,"column":9},"end":{"line":206,"column":13}}]},"28":{"type":"branch","line":203,"loc":{"start":{"line":203,"column":33},"end":{"line":205,"column":9}},"locations":[{"start":{"line":203,"column":33},"end":{"line":205,"column":9}}]},"29":{"type":"branch","line":213,"loc":{"start":{"line":213,"column":9},"end":{"line":241,"column":3}},"locations":[{"start":{"line":213,"column":9},"end":{"line":241,"column":3}}]},"30":{"type":"branch","line":216,"loc":{"start":{"line":216,"column":36},"end":{"line":216,"column":56}},"locations":[{"start":{"line":216,"column":36},"end":{"line":216,"column":56}}]},"31":{"type":"branch","line":220,"loc":{"start":{"line":220,"column":30},"end":{"line":223,"column":5}},"locations":[{"start":{"line":220,"column":30},"end":{"line":223,"column":5}}]},"32":{"type":"branch","line":225,"loc":{"start":{"line":225,"column":27},"end":{"line":225,"column":73}},"locations":[{"start":{"line":225,"column":27},"end":{"line":225,"column":73}}]},"33":{"type":"branch","line":226,"loc":{"start":{"line":226,"column":28},"end":{"line":226,"column":71}},"locations":[{"start":{"line":226,"column":28},"end":{"line":226,"column":71}}]},"34":{"type":"branch","line":232,"loc":{"start":{"line":232,"column":35},"end":{"line":237,"column":5}},"locations":[{"start":{"line":232,"column":35},"end":{"line":237,"column":5}}]},"35":{"type":"branch","line":240,"loc":{"start":{"line":240,"column":21},"end":{"line":240,"column":47}},"locations":[{"start":{"line":240,"column":21},"end":{"line":240,"column":47}}]},"36":{"type":"branch","line":303,"loc":{"start":{"line":303,"column":9},"end":{"line":389,"column":3}},"locations":[{"start":{"line":303,"column":9},"end":{"line":389,"column":3}}]},"37":{"type":"branch","line":373,"loc":{"start":{"line":373,"column":41},"end":{"line":377,"column":5}},"locations":[{"start":{"line":373,"column":41},"end":{"line":377,"column":5}}]},"38":{"type":"branch","line":318,"loc":{"start":{"line":318,"column":34},"end":{"line":329,"column":6}},"locations":[{"start":{"line":318,"column":34},"end":{"line":329,"column":6}}]},"39":{"type":"branch","line":326,"loc":{"start":{"line":326,"column":37},"end":{"line":328,"column":9}},"locations":[{"start":{"line":326,"column":37},"end":{"line":328,"column":9}}]},"40":{"type":"branch","line":336,"loc":{"start":{"line":336,"column":33},"end":{"line":347,"column":6}},"locations":[{"start":{"line":336,"column":33},"end":{"line":347,"column":6}}]},"41":{"type":"branch","line":344,"loc":{"start":{"line":344,"column":30},"end":{"line":346,"column":7}},"locations":[{"start":{"line":344,"column":30},"end":{"line":346,"column":7}}]},"42":{"type":"branch","line":353,"loc":{"start":{"line":353,"column":24},"end":{"line":368,"column":6}},"locations":[{"start":{"line":353,"column":24},"end":{"line":368,"column":6}}]},"43":{"type":"branch","line":386,"loc":{"start":{"line":386,"column":11},"end":{"line":388,"column":6}},"locations":[{"start":{"line":386,"column":11},"end":{"line":388,"column":6}}]},"44":{"type":"branch","line":408,"loc":{"start":{"line":408,"column":9},"end":{"line":418,"column":3}},"locations":[{"start":{"line":408,"column":9},"end":{"line":418,"column":3}}]},"45":{"type":"branch","line":439,"loc":{"start":{"line":439,"column":9},"end":{"line":472,"column":3}},"locations":[{"start":{"line":439,"column":9},"end":{"line":472,"column":3}}]},"46":{"type":"branch","line":440,"loc":{"start":{"line":440,"column":21},"end":{"line":442,"column":5}},"locations":[{"start":{"line":440,"column":21},"end":{"line":442,"column":5}}]},"47":{"type":"branch","line":442,"loc":{"start":{"line":442,"column":4},"end":{"line":448,"column":44}},"locations":[{"start":{"line":442,"column":4},"end":{"line":448,"column":44}}]},"48":{"type":"branch","line":448,"loc":{"start":{"line":448,"column":44},"end":{"line":465,"column":5}},"locations":[{"start":{"line":448,"column":44},"end":{"line":465,"column":5}}]},"49":{"type":"branch","line":453,"loc":{"start":{"line":453,"column":68},"end":{"line":461,"column":7}},"locations":[{"start":{"line":453,"column":68},"end":{"line":461,"column":7}}]},"50":{"type":"branch","line":454,"loc":{"start":{"line":454,"column":53},"end":{"line":457,"column":15}},"locations":[{"start":{"line":454,"column":53},"end":{"line":457,"column":15}}]},"51":{"type":"branch","line":457,"loc":{"start":{"line":457,"column":8},"end":{"line":460,"column":9}},"locations":[{"start":{"line":457,"column":8},"end":{"line":460,"column":9}}]},"52":{"type":"branch","line":465,"loc":{"start":{"line":465,"column":4},"end":{"line":471,"column":7}},"locations":[{"start":{"line":465,"column":4},"end":{"line":471,"column":7}}]},"53":{"type":"branch","line":493,"loc":{"start":{"line":493,"column":9},"end":{"line":543,"column":3}},"locations":[{"start":{"line":493,"column":9},"end":{"line":543,"column":3}}]},"54":{"type":"branch","line":501,"loc":{"start":{"line":501,"column":26},"end":{"line":507,"column":5}},"locations":[{"start":{"line":501,"column":26},"end":{"line":507,"column":5}}]},"55":{"type":"branch","line":507,"loc":{"start":{"line":507,"column":4},"end":{"line":518,"column":43}},"locations":[{"start":{"line":507,"column":4},"end":{"line":518,"column":43}}]},"56":{"type":"branch","line":518,"loc":{"start":{"line":518,"column":43},"end":{"line":522,"column":7}},"locations":[{"start":{"line":518,"column":43},"end":{"line":522,"column":7}}]},"57":{"type":"branch","line":522,"loc":{"start":{"line":522,"column":6},"end":{"line":525,"column":48}},"locations":[{"start":{"line":522,"column":6},"end":{"line":525,"column":48}}]},"58":{"type":"branch","line":525,"loc":{"start":{"line":525,"column":44},"end":{"line":525,"column":79}},"locations":[{"start":{"line":525,"column":44},"end":{"line":525,"column":79}}]},"59":{"type":"branch","line":525,"loc":{"start":{"line":525,"column":66},"end":{"line":525,"column":81}},"locations":[{"start":{"line":525,"column":66},"end":{"line":525,"column":81}}]},"60":{"type":"branch","line":527,"loc":{"start":{"line":527,"column":4},"end":{"line":534,"column":5}},"locations":[{"start":{"line":527,"column":4},"end":{"line":534,"column":5}}]},"61":{"type":"branch","line":534,"loc":{"start":{"line":534,"column":4},"end":{"line":542,"column":6}},"locations":[{"start":{"line":534,"column":4},"end":{"line":542,"column":6}}]},"62":{"type":"branch","line":566,"loc":{"start":{"line":566,"column":9},"end":{"line":569,"column":3}},"locations":[{"start":{"line":566,"column":9},"end":{"line":569,"column":3}}]},"63":{"type":"branch","line":568,"loc":{"start":{"line":568,"column":11},"end":{"line":568,"column":56}},"locations":[{"start":{"line":568,"column":11},"end":{"line":568,"column":56}}]},"64":{"type":"branch","line":568,"loc":{"start":{"line":568,"column":52},"end":{"line":568,"column":66}},"locations":[{"start":{"line":568,"column":52},"end":{"line":568,"column":66}}]},"65":{"type":"branch","line":592,"loc":{"start":{"line":592,"column":9},"end":{"line":594,"column":3}},"locations":[{"start":{"line":592,"column":9},"end":{"line":594,"column":3}}]},"66":{"type":"branch","line":621,"loc":{"start":{"line":621,"column":9},"end":{"line":639,"column":3}},"locations":[{"start":{"line":621,"column":9},"end":{"line":639,"column":3}}]},"67":{"type":"branch","line":623,"loc":{"start":{"line":623,"column":22},"end":{"line":625,"column":5}},"locations":[{"start":{"line":623,"column":22},"end":{"line":625,"column":5}}]},"68":{"type":"branch","line":625,"loc":{"start":{"line":625,"column":4},"end":{"line":638,"column":55}},"locations":[{"start":{"line":625,"column":4},"end":{"line":638,"column":55}}]},"69":{"type":"branch","line":663,"loc":{"start":{"line":663,"column":9},"end":{"line":672,"column":3}},"locations":[{"start":{"line":663,"column":9},"end":{"line":672,"column":3}}]},"70":{"type":"branch","line":667,"loc":{"start":{"line":667,"column":17},"end":{"line":669,"column":5}},"locations":[{"start":{"line":667,"column":17},"end":{"line":669,"column":5}}]},"71":{"type":"branch","line":691,"loc":{"start":{"line":691,"column":9},"end":{"line":696,"column":3}},"locations":[{"start":{"line":691,"column":9},"end":{"line":696,"column":3}}]}},"b":{"0":[111],"1":[111],"2":[11],"3":[80],"4":[80],"5":[94],"6":[41],"7":[99],"8":[393],"9":[387],"10":[23],"11":[2],"12":[165],"13":[22],"14":[9],"15":[2],"16":[7],"17":[143],"18":[158],"19":[9],"20":[149],"21":[158],"22":[12],"23":[146],"24":[20],"25":[158],"26":[12],"27":[146],"28":[20],"29":[158],"30":[2],"31":[225],"32":[149],"33":[155],"34":[57],"35":[155],"36":[15],"37":[14],"38":[27],"39":[7],"40":[27],"41":[6],"42":[13],"43":[15],"44":[5],"45":[8],"46":[2],"47":[6],"48":[3],"49":[8],"50":[3],"51":[5],"52":[6],"53":[10],"54":[1],"55":[9],"56":[16],"57":[8],"58":[7],"59":[1],"60":[1],"61":[8],"62":[31],"63":[23],"64":[8],"65":[19],"66":[8],"67":[1],"68":[7],"69":[5],"70":[3],"71":[4]},"fnMap":{"0":{"name":"<instance_members_initializer>","decl":{"start":{"line":81,"column":51},"end":{"line":697,"column":1}},"loc":{"start":{"line":81,"column":51},"end":{"line":697,"column":1}},"line":81},"1":{"name":"Substate","decl":{"start":{"line":91,"column":2},"end":{"line":105,"column":3}},"loc":{"start":{"line":91,"column":2},"end":{"line":105,"column":3}},"line":91},"2":{"name":"getState","decl":{"start":{"line":112,"column":9},"end":{"line":114,"column":3}},"loc":{"start":{"line":112,"column":9},"end":{"line":114,"column":3}},"line":112},"3":{"name":"getCurrentState","decl":{"start":{"line":120,"column":9},"end":{"line":122,"column":3}},"loc":{"start":{"line":120,"column":9},"end":{"line":122,"column":3}},"line":120},"4":{"name":"getProp","decl":{"start":{"line":129,"column":9},"end":{"line":131,"column":3}},"loc":{"start":{"line":129,"column":9},"end":{"line":131,"column":3}},"line":129},"5":{"name":"resetState","decl":{"start":{"line":136,"column":9},"end":{"line":140,"column":3}},"loc":{"start":{"line":136,"column":9},"end":{"line":140,"column":3}},"line":136},"6":{"name":"pushState","decl":{"start":{"line":148,"column":10},"end":{"line":174,"column":3}},"loc":{"start":{"line":148,"column":10},"end":{"line":174,"column":3}},"line":148},"7":{"name":"cloneState","decl":{"start":{"line":181,"column":10},"end":{"line":183,"column":3}},"loc":{"start":{"line":181,"column":10},"end":{"line":183,"column":3}},"line":181},"8":{"name":"fireBeforeMiddleware","decl":{"start":{"line":189,"column":10},"end":{"line":195,"column":3}},"loc":{"start":{"line":189,"column":10},"end":{"line":195,"column":3}},"line":189},"9":{"name":"fireAfterMiddleware","decl":{"start":{"line":201,"column":10},"end":{"line":207,"column":3}},"loc":{"start":{"line":201,"column":10},"end":{"line":207,"column":3}},"line":201},"10":{"name":"updateState","decl":{"start":{"line":213,"column":9},"end":{"line":241,"column":3}},"loc":{"start":{"line":213,"column":9},"end":{"line":241,"column":3}},"line":213},"11":{"name":"sync","decl":{"start":{"line":303,"column":9},"end":{"line":389,"column":3}},"loc":{"start":{"line":303,"column":9},"end":{"line":389,"column":3}},"line":303},"12":{"name":"applyBeforeMiddleware","decl":{"start":{"line":318,"column":34},"end":{"line":329,"column":6}},"loc":{"start":{"line":318,"column":34},"end":{"line":329,"column":6}},"line":318},"13":{"name":"applyAfterMiddleware","decl":{"start":{"line":336,"column":33},"end":{"line":347,"column":6}},"loc":{"start":{"line":336,"column":33},"end":{"line":347,"column":6}},"line":336},"14":{"name":"syncHandler","decl":{"start":{"line":353,"column":24},"end":{"line":368,"column":6}},"loc":{"start":{"line":353,"column":24},"end":{"line":368,"column":6}},"line":353},"15":{"name":"clearHistory","decl":{"start":{"line":408,"column":9},"end":{"line":418,"column":3}},"loc":{"start":{"line":408,"column":9},"end":{"line":418,"column":3}},"line":408},"16":{"name":"limitHistory","decl":{"start":{"line":439,"column":9},"end":{"line":472,"column":3}},"loc":{"start":{"line":439,"column":9},"end":{"line":472,"column":3}},"line":439},"17":{"name":"getMemoryUsage","decl":{"start":{"line":493,"column":9},"end":{"line":543,"column":3}},"loc":{"start":{"line":493,"column":9},"end":{"line":543,"column":3}},"line":493},"18":{"name":"getTaggedState","decl":{"start":{"line":566,"column":9},"end":{"line":569,"column":3}},"loc":{"start":{"line":566,"column":9},"end":{"line":569,"column":3}},"line":566},"19":{"name":"getAvailableTags","decl":{"start":{"line":592,"column":9},"end":{"line":594,"column":3}},"loc":{"start":{"line":592,"column":9},"end":{"line":594,"column":3}},"line":592},"20":{"name":"jumpToTag","decl":{"start":{"line":621,"column":9},"end":{"line":639,"column":3}},"loc":{"start":{"line":621,"column":9},"end":{"line":639,"column":3}},"line":621},"21":{"name":"removeTag","decl":{"start":{"line":663,"column":9},"end":{"line":672,"column":3}},"loc":{"start":{"line":663,"column":9},"end":{"line":672,"column":3}},"line":663},"22":{"name":"clearTags","decl":{"start":{"line":691,"column":9},"end":{"line":696,"column":3}},"loc":{"start":{"line":691,"column":9},"end":{"line":696,"column":3}},"line":691}},"f":{"0":111,"1":111,"2":393,"3":387,"4":23,"5":2,"6":165,"7":158,"8":158,"9":158,"10":158,"11":15,"12":27,"13":27,"14":13,"15":5,"16":8,"17":10,"18":31,"19":19,"20":8,"21":5,"22":4}}
,"C:\\Users\\TSapo\\Github\\substate\\src\\core\\createStore\\createStore.interface.ts": {"path":"C:\\Users\\TSapo\\Github\\substate\\src\\core\\createStore\\createStore.interface.ts","all":true,"statementMap":{},"s":{},"branchMap":{"0":{"type":"branch","line":1,"loc":{"start":{"line":1,"column":301},"end":{"line":12,"column":35}},"locations":[{"start":{"line":1,"column":301},"end":{"line":12,"column":35}}]}},"b":{"0":[1]},"fnMap":{"0":{"name":"(empty-report)","decl":{"start":{"line":1,"column":301},"end":{"line":12,"column":35}},"loc":{"start":{"line":1,"column":301},"end":{"line":12,"column":35}},"line":1}},"f":{"0":1}}
,"C:\\Users\\TSapo\\Github\\substate\\src\\core\\createStore\\createStore.ts": {"path":"C:\\Users\\TSapo\\Github\\substate\\src\\core\\createStore\\createStore.ts","all":false,"statementMap":{"0":{"start":{"line":1,"column":0},"end":{"line":1,"column":48}},"9":{"start":{"line":10,"column":0},"end":{"line":10,"column":60}},"10":{"start":{"line":11,"column":0},"end":{"line":11,"column":35}},"11":{"start":{"line":12,"column":0},"end":{"line":12,"column":22}},"12":{"start":{"line":13,"column":0},"end":{"line":13,"column":24}},"13":{"start":{"line":14,"column":0},"end":{"line":14,"column":45}},"14":{"start":{"line":15,"column":0},"end":{"line":15,"column":44}},"15":{"start":{"line":16,"column":0},"end":{"line":16,"column":42}},"16":{"start":{"line":17,"column":0},"end":{"line":17,"column":48}},"17":{"start":{"line":18,"column":0},"end":{"line":18,"column":4}},"19":{"start":{"line":20,"column":0},"end":{"line":20,"column":38}},"20":{"start":{"line":21,"column":0},"end":{"line":21,"column":1}}},"s":{"0":1,"9":15,"10":15,"11":15,"12":15,"13":15,"14":15,"15":15,"16":15,"17":15,"19":15,"20":15},"branchMap":{"0":{"type":"branch","line":10,"loc":{"start":{"line":10,"column":0},"end":{"line":21,"column":1}},"locations":[{"start":{"line":10,"column":0},"end":{"line":21,"column":1}}]},"1":{"type":"branch","line":14,"loc":{"start":{"line":14,"column":24},"end":{"line":14,"column":45}},"locations":[{"start":{"line":14,"column":24},"end":{"line":14,"column":45}}]},"2":{"type":"branch","line":15,"loc":{"start":{"line":15,"column":25},"end":{"line":15,"column":44}},"locations":[{"start":{"line":15,"column":25},"end":{"line":15,"column":44}}]},"3":{"type":"branch","line":16,"loc":{"start":{"line":16,"column":24},"end":{"line":16,"column":42}},"locations":[{"start":{"line":16,"column":24},"end":{"line":16,"column":42}}]},"4":{"type":"branch","line":17,"loc":{"start":{"line":17,"column":27},"end":{"line":17,"column":48}},"locations":[{"start":{"line":17,"column":27},"end":{"line":17,"column":48}}]}},"b":{"0":[15],"1":[13],"2":[13],"3":[13],"4":[12]},"fnMap":{"0":{"name":"createStore","decl":{"start":{"line":10,"column":0},"end":{"line":21,"column":1}},"loc":{"start":{"line":10,"column":0},"end":{"line":21,"column":1}},"line":10}},"f":{"0":15}}
}
